{"message":"Hello World!","level":"\u001b[32minfo\u001b[39m","timestamp":"19-02-20 15:07:48"}
{"message":"debugging info","level":"\u001b[34mdebug\u001b[39m","timestamp":"19-02-20 15:07:48"}
{"message":"Hello World!","level":"\u001b[32minfo\u001b[39m","timestamp":"19-02-20 15:09:12"}
{"message":"debugging info","level":"\u001b[34mdebug\u001b[39m","timestamp":"19-02-20 15:09:12"}
{"message":"Hello World!","level":"\u001b[32minfo\u001b[39m","timestamp":"19-02-20 15:10:01"}
{"message":"debugging info","level":"\u001b[34mdebug\u001b[39m","timestamp":"19-02-20 15:10:01"}
{"message":"Hello World!","level":"\u001b[32minfo\u001b[39m","timestamp":"19-02-20 15:12:23"}
{"message":"debugging info","level":"\u001b[34mdebug\u001b[39m","timestamp":"19-02-20 15:12:23"}
{"message":"Hello World!","level":"\u001b[32minfo\u001b[39m","timestamp":"19-02-20 15:12:57"}
{"message":"debugging info","level":"\u001b[34mdebug\u001b[39m","timestamp":"19-02-20 15:12:57"}
{"message":"Hello World!","level":"\u001b[32minfo\u001b[39m","timestamp":"19-02-20 15:13:29"}
{"message":"debugging info","level":"\u001b[34mdebug\u001b[39m","timestamp":"19-02-20 15:13:29"}
{"message":"Hello World!","level":"\u001b[32minfo\u001b[39m","timestamp":"19-02-20 15:13:59"}
{"message":"debugging info","level":"\u001b[34mdebug\u001b[39m","timestamp":"19-02-20 15:13:59"}
{"message":"Hello World!","level":"\u001b[32minfo\u001b[39m","timestamp":"19-02-20 15:15:08"}
{"message":"debugging info","level":"\u001b[34mdebug\u001b[39m","timestamp":"19-02-20 15:15:08"}
{"message":"Hello World!","level":"\u001b[32minfo\u001b[39m","timestamp":"19-02-20 15:15:12"}
{"message":"debugging info","level":"\u001b[34mdebug\u001b[39m","timestamp":"19-02-20 15:15:12"}
{"message":"Hello World!","level":"\u001b[32minfo\u001b[39m","timestamp":"19-02-20 15:15:29"}
{"message":"debugging info","level":"\u001b[34mdebug\u001b[39m","timestamp":"19-02-20 15:15:29"}
{"message":"Hello World!","level":"\u001b[32minfo\u001b[39m","timestamp":"19-02-20 15:16:46"}
{"message":"debugging info","level":"\u001b[34mdebug\u001b[39m","timestamp":"19-02-20 15:16:46"}
{"message":"Hello World!","level":"\u001b[32minfo\u001b[39m","timestamp":"19-02-20 15:17:26"}
{"message":"debugging info","level":"\u001b[34mdebug\u001b[39m","timestamp":"19-02-20 15:17:26"}
{"message":"Hello World!","level":"\u001b[32minfo\u001b[39m","timestamp":"19-02-20 15:18:28"}
{"message":"debugging info","level":"\u001b[34mdebug\u001b[39m","timestamp":"19-02-20 15:18:28"}
{"message":"Hello World!","level":"\u001b[32minfo\u001b[39m","timestamp":"19-02-20 15:18:32"}
{"message":"debugging info","level":"\u001b[34mdebug\u001b[39m","timestamp":"19-02-20 15:18:32"}
{"message":"Listening on port 3000","level":"\u001b[32minfo\u001b[39m","timestamp":"19-02-20 15:18:33"}
{"message":"Hello World!","level":"\u001b[32minfo\u001b[39m","timestamp":"19-02-20 15:19:06"}
{"message":"Hello World!","level":"\u001b[32minfo\u001b[39m","timestamp":"19-02-20 15:19:07"}
{"message":"debugging info","level":"\u001b[34mdebug\u001b[39m","timestamp":"19-02-20 15:19:06"}
{"message":"Listening on port 3000","level":"\u001b[32minfo\u001b[39m","timestamp":"19-02-20 15:19:07"}
{"message":"debugging info","level":"\u001b[34mdebug\u001b[39m","timestamp":"19-02-20 15:19:07"}
{"message":"Connected to reviewvidly_tests...","level":"\u001b[32minfo\u001b[39m","timestamp":"19-02-20 15:19:07"}
{"message":"Hello World!","level":"\u001b[32minfo\u001b[39m","timestamp":"19-02-20 15:19:38"}
{"message":"Hello World!","level":"\u001b[32minfo\u001b[39m","timestamp":"19-02-20 15:19:39"}
{"message":"debugging info","level":"\u001b[34mdebug\u001b[39m","timestamp":"19-02-20 15:19:38"}
{"message":"Listening on port 3000","level":"\u001b[32minfo\u001b[39m","timestamp":"19-02-20 15:19:39"}
{"message":"debugging info","level":"\u001b[34mdebug\u001b[39m","timestamp":"19-02-20 15:19:39"}
{"message":"Connected to reviewvidly_tests...","level":"\u001b[32minfo\u001b[39m","timestamp":"19-02-20 15:19:39"}
{"message":"Hello World!","level":"\u001b[32minfo\u001b[39m","timestamp":"19-02-20 15:33:10"}
{"message":"Hello World!","level":"\u001b[32minfo\u001b[39m","timestamp":"19-02-20 15:33:12"}
{"message":"debugging info","level":"\u001b[34mdebug\u001b[39m","timestamp":"19-02-20 15:33:10"}
{"message":"Listening on port 3000","level":"\u001b[32minfo\u001b[39m","timestamp":"19-02-20 15:33:12"}
{"message":"debugging info","level":"\u001b[34mdebug\u001b[39m","timestamp":"19-02-20 15:33:12"}
{"message":"Connected to reviewvidly_tests...","level":"\u001b[32minfo\u001b[39m","timestamp":"19-02-20 15:33:12"}
{"message":"Hello World!","level":"\u001b[32minfo\u001b[39m","timestamp":"19-02-20 15:33:39"}
{"message":"Hello World!","level":"\u001b[32minfo\u001b[39m","timestamp":"19-02-20 15:33:40"}
{"message":"debugging info","level":"\u001b[34mdebug\u001b[39m","timestamp":"19-02-20 15:33:39"}
{"message":"Listening on port 3000","level":"\u001b[32minfo\u001b[39m","timestamp":"19-02-20 15:33:40"}
{"message":"debugging info","level":"\u001b[34mdebug\u001b[39m","timestamp":"19-02-20 15:33:40"}
{"message":"Connected to reviewvidly_tests...","level":"\u001b[32minfo\u001b[39m","timestamp":"19-02-20 15:33:40"}
{"message":"Hello World!","level":"\u001b[32minfo\u001b[39m","timestamp":"19-02-20 15:34:25"}
{"message":"Hello World!","level":"\u001b[32minfo\u001b[39m","timestamp":"19-02-20 15:34:26"}
{"message":"debugging info","level":"\u001b[34mdebug\u001b[39m","timestamp":"19-02-20 15:34:25"}
{"message":"Listening on port 3000","level":"\u001b[32minfo\u001b[39m","timestamp":"19-02-20 15:34:26"}
{"message":"debugging info","level":"\u001b[34mdebug\u001b[39m","timestamp":"19-02-20 15:34:26"}
{"message":"Connected to reviewvidly_tests...","level":"\u001b[32minfo\u001b[39m","timestamp":"19-02-20 15:34:26"}
{"message":"Hello World!","level":"\u001b[32minfo\u001b[39m","timestamp":"19-02-20 15:34:30"}
{"message":"Hello World!","level":"\u001b[32minfo\u001b[39m","timestamp":"19-02-20 15:34:32"}
{"message":"debugging info","level":"\u001b[34mdebug\u001b[39m","timestamp":"19-02-20 15:34:30"}
{"message":"Listening on port 3000","level":"\u001b[32minfo\u001b[39m","timestamp":"19-02-20 15:34:32"}
{"message":"debugging info","level":"\u001b[34mdebug\u001b[39m","timestamp":"19-02-20 15:34:32"}
{"message":"Connected to reviewvidly_tests...","level":"\u001b[32minfo\u001b[39m","timestamp":"19-02-20 15:34:32"}
{"message":"Hello World!","level":"\u001b[32minfo\u001b[39m","timestamp":"19-02-20 15:56:53"}
{"message":"Hello World!","level":"\u001b[32minfo\u001b[39m","timestamp":"19-02-20 15:56:54"}
{"message":"debugging info","level":"\u001b[34mdebug\u001b[39m","timestamp":"19-02-20 15:56:53"}
{"message":"Listening on port 3000","level":"\u001b[32minfo\u001b[39m","timestamp":"19-02-20 15:56:54"}
{"message":"debugging info","level":"\u001b[34mdebug\u001b[39m","timestamp":"19-02-20 15:56:54"}
{"message":"Connected to reviewvidly_tests...","level":"\u001b[32minfo\u001b[39m","timestamp":"19-02-20 15:56:54"}
{"message":"Hello World!","level":"\u001b[32minfo\u001b[39m","timestamp":"19-02-20 15:57:33"}
{"message":"Hello World!","level":"\u001b[32minfo\u001b[39m","timestamp":"19-02-20 15:57:37"}
{"message":"debugging info","level":"\u001b[34mdebug\u001b[39m","timestamp":"19-02-20 15:57:33"}
{"message":"Listening on port 3000","level":"\u001b[32minfo\u001b[39m","timestamp":"19-02-20 15:57:37"}
{"message":"debugging info","level":"\u001b[34mdebug\u001b[39m","timestamp":"19-02-20 15:57:37"}
{"message":"Connected to reviewvidly_tests...","level":"\u001b[32minfo\u001b[39m","timestamp":"19-02-20 15:57:37"}
{"message":"Hello World!","level":"\u001b[32minfo\u001b[39m","timestamp":"19-02-20 16:10:56"}
{"message":"Hello World!","level":"\u001b[32minfo\u001b[39m","timestamp":"19-02-20 16:10:58"}
{"message":"debugging info","level":"\u001b[34mdebug\u001b[39m","timestamp":"19-02-20 16:10:56"}
{"message":"Listening on port 3000","level":"\u001b[32minfo\u001b[39m","timestamp":"19-02-20 16:10:58"}
{"message":"debugging info","level":"\u001b[34mdebug\u001b[39m","timestamp":"19-02-20 16:10:58"}
{"message":"Connected to reviewvidly_tests...","level":"\u001b[32minfo\u001b[39m","timestamp":"19-02-20 16:10:58"}
{"message":"Hello World!","level":"\u001b[32minfo\u001b[39m","timestamp":"19-02-20 16:11:28"}
{"message":"Hello World!","level":"\u001b[32minfo\u001b[39m","timestamp":"19-02-20 16:11:29"}
{"message":"debugging info","level":"\u001b[34mdebug\u001b[39m","timestamp":"19-02-20 16:11:28"}
{"message":"Listening on port 3000","level":"\u001b[32minfo\u001b[39m","timestamp":"19-02-20 16:11:29"}
{"message":"debugging info","level":"\u001b[34mdebug\u001b[39m","timestamp":"19-02-20 16:11:29"}
{"message":"Connected to reviewvidly_tests...","level":"\u001b[32minfo\u001b[39m","timestamp":"19-02-20 16:11:29"}
{"message":"Hello World!","level":"\u001b[32minfo\u001b[39m","timestamp":"19-02-20 16:11:39"}
{"message":"Hello World!","level":"\u001b[32minfo\u001b[39m","timestamp":"19-02-20 16:11:41"}
{"message":"debugging info","level":"\u001b[34mdebug\u001b[39m","timestamp":"19-02-20 16:11:39"}
{"message":"Listening on port 3000","level":"\u001b[32minfo\u001b[39m","timestamp":"19-02-20 16:11:41"}
{"message":"debugging info","level":"\u001b[34mdebug\u001b[39m","timestamp":"19-02-20 16:11:41"}
{"message":"Connected to reviewvidly_tests...","level":"\u001b[32minfo\u001b[39m","timestamp":"19-02-20 16:11:41"}
{"message":"Hello World!","level":"\u001b[32minfo\u001b[39m","timestamp":"19-02-20 16:11:56"}
{"message":"Hello World!","level":"\u001b[32minfo\u001b[39m","timestamp":"19-02-20 16:11:58"}
{"message":"debugging info","level":"\u001b[34mdebug\u001b[39m","timestamp":"19-02-20 16:11:56"}
{"message":"Listening on port 3000","level":"\u001b[32minfo\u001b[39m","timestamp":"19-02-20 16:11:58"}
{"message":"debugging info","level":"\u001b[34mdebug\u001b[39m","timestamp":"19-02-20 16:11:58"}
{"message":"Connected to reviewvidly_tests...","level":"\u001b[32minfo\u001b[39m","timestamp":"19-02-20 16:11:58"}
{"message":"Hello World!","level":"\u001b[32minfo\u001b[39m","timestamp":"19-02-20 16:13:06"}
{"message":"Hello World!","level":"\u001b[32minfo\u001b[39m","timestamp":"19-02-20 16:13:08"}
{"message":"debugging info","level":"\u001b[34mdebug\u001b[39m","timestamp":"19-02-20 16:13:06"}
{"message":"Listening on port 3000","level":"\u001b[32minfo\u001b[39m","timestamp":"19-02-20 16:13:08"}
{"message":"debugging info","level":"\u001b[34mdebug\u001b[39m","timestamp":"19-02-20 16:13:08"}
{"message":"Connected to reviewvidly_tests...","level":"\u001b[32minfo\u001b[39m","timestamp":"19-02-20 16:13:08"}
{"message":"Hello World!","level":"\u001b[32minfo\u001b[39m","timestamp":"19-02-20 16:13:33"}
{"message":"Hello World!","level":"\u001b[32minfo\u001b[39m","timestamp":"19-02-20 16:13:35"}
{"message":"debugging info","level":"\u001b[34mdebug\u001b[39m","timestamp":"19-02-20 16:13:33"}
{"message":"Listening on port 3000","level":"\u001b[32minfo\u001b[39m","timestamp":"19-02-20 16:13:35"}
{"message":"debugging info","level":"\u001b[34mdebug\u001b[39m","timestamp":"19-02-20 16:13:35"}
{"message":"Connected to reviewvidly_tests...","level":"\u001b[32minfo\u001b[39m","timestamp":"19-02-20 16:13:35"}
{"message":"Hello World!","level":"\u001b[32minfo\u001b[39m","timestamp":"19-02-20 16:14:08"}
{"message":"Hello World!","level":"\u001b[32minfo\u001b[39m","timestamp":"19-02-20 16:14:09"}
{"message":"debugging info","level":"\u001b[34mdebug\u001b[39m","timestamp":"19-02-20 16:14:08"}
{"message":"Listening on port 3000","level":"\u001b[32minfo\u001b[39m","timestamp":"19-02-20 16:14:09"}
{"message":"debugging info","level":"\u001b[34mdebug\u001b[39m","timestamp":"19-02-20 16:14:09"}
{"message":"Connected to reviewvidly_tests...","level":"\u001b[32minfo\u001b[39m","timestamp":"19-02-20 16:14:09"}
{"message":"Hello World!","level":"\u001b[32minfo\u001b[39m","timestamp":"19-02-20 16:15:09"}
{"message":"Hello World!","level":"\u001b[32minfo\u001b[39m","timestamp":"19-02-20 16:15:10"}
{"message":"debugging info","level":"\u001b[34mdebug\u001b[39m","timestamp":"19-02-20 16:15:09"}
{"message":"Listening on port 3000","level":"\u001b[32minfo\u001b[39m","timestamp":"19-02-20 16:15:10"}
{"message":"debugging info","level":"\u001b[34mdebug\u001b[39m","timestamp":"19-02-20 16:15:10"}
{"message":"Connected to reviewvidly_tests...","level":"\u001b[32minfo\u001b[39m","timestamp":"19-02-20 16:15:10"}
{"message":"Hello World!","level":"\u001b[32minfo\u001b[39m","timestamp":"19-02-20 16:15:48"}
{"message":"Hello World!","level":"\u001b[32minfo\u001b[39m","timestamp":"19-02-20 16:15:50"}
{"message":"debugging info","level":"\u001b[34mdebug\u001b[39m","timestamp":"19-02-20 16:15:48"}
{"message":"Listening on port 3000","level":"\u001b[32minfo\u001b[39m","timestamp":"19-02-20 16:15:50"}
{"message":"debugging info","level":"\u001b[34mdebug\u001b[39m","timestamp":"19-02-20 16:15:50"}
{"message":"Connected to reviewvidly_tests...","level":"\u001b[32minfo\u001b[39m","timestamp":"19-02-20 16:15:50"}
{"message":"Hello World!","level":"\u001b[32minfo\u001b[39m","timestamp":"19-02-20 16:17:31"}
{"message":"Hello World!","level":"\u001b[32minfo\u001b[39m","timestamp":"19-02-20 16:17:32"}
{"message":"debugging info","level":"\u001b[34mdebug\u001b[39m","timestamp":"19-02-20 16:17:31"}
{"message":"Listening on port 3000","level":"\u001b[32minfo\u001b[39m","timestamp":"19-02-20 16:17:32"}
{"message":"debugging info","level":"\u001b[34mdebug\u001b[39m","timestamp":"19-02-20 16:17:32"}
{"message":"Connected to reviewvidly_tests...","level":"\u001b[32minfo\u001b[39m","timestamp":"19-02-20 16:17:32"}
{"message":"Hello World!","level":"\u001b[32minfo\u001b[39m","timestamp":"19-02-20 16:27:08"}
{"message":"Hello World!","level":"\u001b[32minfo\u001b[39m","timestamp":"19-02-20 16:27:10"}
{"message":"debugging info","level":"\u001b[34mdebug\u001b[39m","timestamp":"19-02-20 16:27:08"}
{"message":"Listening on port 3000","level":"\u001b[32minfo\u001b[39m","timestamp":"19-02-20 16:27:10"}
{"message":"debugging info","level":"\u001b[34mdebug\u001b[39m","timestamp":"19-02-20 16:27:10"}
{"message":"Connected to reviewvidly_tests...","level":"\u001b[32minfo\u001b[39m","timestamp":"19-02-20 16:27:10"}
{"message":"Hello World!","level":"\u001b[32minfo\u001b[39m","timestamp":"19-02-20 16:27:44"}
{"message":"Hello World!","level":"\u001b[32minfo\u001b[39m","timestamp":"19-02-20 16:27:45"}
{"message":"debugging info","level":"\u001b[34mdebug\u001b[39m","timestamp":"19-02-20 16:27:44"}
{"message":"Listening on port 3000","level":"\u001b[32minfo\u001b[39m","timestamp":"19-02-20 16:27:45"}
{"message":"debugging info","level":"\u001b[34mdebug\u001b[39m","timestamp":"19-02-20 16:27:45"}
{"message":"Connected to reviewvidly_tests...","level":"\u001b[32minfo\u001b[39m","timestamp":"19-02-20 16:27:45"}
{"message":"Hello World!","level":"\u001b[32minfo\u001b[39m","timestamp":"19-02-20 16:28:31"}
{"message":"Hello World!","level":"\u001b[32minfo\u001b[39m","timestamp":"19-02-20 16:28:32"}
{"message":"debugging info","level":"\u001b[34mdebug\u001b[39m","timestamp":"19-02-20 16:28:31"}
{"message":"Listening on port 3000","level":"\u001b[32minfo\u001b[39m","timestamp":"19-02-20 16:28:32"}
{"message":"debugging info","level":"\u001b[34mdebug\u001b[39m","timestamp":"19-02-20 16:28:32"}
{"message":"Connected to reviewvidly_tests...","level":"\u001b[32minfo\u001b[39m","timestamp":"19-02-20 16:28:32"}
{"message":"Hello World!","level":"\u001b[32minfo\u001b[39m","timestamp":"19-02-20 16:29:09"}
{"message":"Hello World!","level":"\u001b[32minfo\u001b[39m","timestamp":"19-02-20 16:29:10"}
{"message":"debugging info","level":"\u001b[34mdebug\u001b[39m","timestamp":"19-02-20 16:29:09"}
{"message":"Listening on port 3000","level":"\u001b[32minfo\u001b[39m","timestamp":"19-02-20 16:29:10"}
{"message":"debugging info","level":"\u001b[34mdebug\u001b[39m","timestamp":"19-02-20 16:29:10"}
{"message":"Connected to reviewvidly_tests...","level":"\u001b[32minfo\u001b[39m","timestamp":"19-02-20 16:29:10"}
{"message":"Hello World!","level":"\u001b[32minfo\u001b[39m","timestamp":"19-02-20 16:32:03"}
{"message":"Hello World!","level":"\u001b[32minfo\u001b[39m","timestamp":"19-02-20 16:32:03"}
{"message":"debugging info","level":"\u001b[34mdebug\u001b[39m","timestamp":"19-02-20 16:32:03"}
{"message":"debugging info","level":"\u001b[34mdebug\u001b[39m","timestamp":"19-02-20 16:32:03"}
{"message":"Listening on port 3000","level":"\u001b[32minfo\u001b[39m","timestamp":"19-02-20 16:32:03"}
{"message":"Connected to reviewvidly_tests...","level":"\u001b[32minfo\u001b[39m","timestamp":"19-02-20 16:32:03"}
{"message":"Hello World!","level":"\u001b[32minfo\u001b[39m","timestamp":"19-02-20 16:48:13"}
{"message":"Hello World!","level":"\u001b[32minfo\u001b[39m","timestamp":"19-02-20 16:48:14"}
{"message":"debugging info","level":"\u001b[34mdebug\u001b[39m","timestamp":"19-02-20 16:48:13"}
{"message":"Listening on port 3000","level":"\u001b[32minfo\u001b[39m","timestamp":"19-02-20 16:48:14"}
{"message":"debugging info","level":"\u001b[34mdebug\u001b[39m","timestamp":"19-02-20 16:48:14"}
{"message":"Connected to reviewvidly_tests...","level":"\u001b[32minfo\u001b[39m","timestamp":"19-02-20 16:48:14"}
{"message":"Hello World!","level":"\u001b[32minfo\u001b[39m","timestamp":"19-02-20 16:49:09"}
{"message":"Hello World!","level":"\u001b[32minfo\u001b[39m","timestamp":"19-02-20 16:49:11"}
{"message":"debugging info","level":"\u001b[34mdebug\u001b[39m","timestamp":"19-02-20 16:49:09"}
{"message":"Listening on port 3000","level":"\u001b[32minfo\u001b[39m","timestamp":"19-02-20 16:49:11"}
{"message":"debugging info","level":"\u001b[34mdebug\u001b[39m","timestamp":"19-02-20 16:49:11"}
{"message":"Connected to reviewvidly_tests...","level":"\u001b[32minfo\u001b[39m","timestamp":"19-02-20 16:49:11"}
{"message":"Hello World!","level":"\u001b[32minfo\u001b[39m","timestamp":"19-02-20 16:57:44"}
{"message":"Hello World!","level":"\u001b[32minfo\u001b[39m","timestamp":"19-02-20 16:57:47"}
{"message":"debugging info","level":"\u001b[34mdebug\u001b[39m","timestamp":"19-02-20 16:57:44"}
{"message":"Listening on port 3000","level":"\u001b[32minfo\u001b[39m","timestamp":"19-02-20 16:57:47"}
{"message":"debugging info","level":"\u001b[34mdebug\u001b[39m","timestamp":"19-02-20 16:57:47"}
{"message":"Connected to reviewvidly_tests...","level":"\u001b[32minfo\u001b[39m","timestamp":"19-02-20 16:57:47"}
{"message":"Hello World!","level":"\u001b[32minfo\u001b[39m","timestamp":"19-02-20 17:01:52"}
{"message":"Hello World!","level":"\u001b[32minfo\u001b[39m","timestamp":"19-02-20 17:01:53"}
{"message":"debugging info","level":"\u001b[34mdebug\u001b[39m","timestamp":"19-02-20 17:01:52"}
{"message":"Listening on port 3000","level":"\u001b[32minfo\u001b[39m","timestamp":"19-02-20 17:01:53"}
{"message":"debugging info","level":"\u001b[34mdebug\u001b[39m","timestamp":"19-02-20 17:01:53"}
{"message":"Connected to reviewvidly_tests...","level":"\u001b[32minfo\u001b[39m","timestamp":"19-02-20 17:01:53"}
{"message":"Hello World!","level":"\u001b[32minfo\u001b[39m","timestamp":"19-02-20 17:02:13"}
{"message":"Hello World!","level":"\u001b[32minfo\u001b[39m","timestamp":"19-02-20 17:02:14"}
{"message":"debugging info","level":"\u001b[34mdebug\u001b[39m","timestamp":"19-02-20 17:02:13"}
{"message":"Listening on port 3000","level":"\u001b[32minfo\u001b[39m","timestamp":"19-02-20 17:02:14"}
{"message":"debugging info","level":"\u001b[34mdebug\u001b[39m","timestamp":"19-02-20 17:02:14"}
{"message":"Connected to reviewvidly_tests...","level":"\u001b[32minfo\u001b[39m","timestamp":"19-02-20 17:02:14"}
{"message":"Hello World!","level":"\u001b[32minfo\u001b[39m","timestamp":"19-02-20 17:02:49"}
{"message":"Hello World!","level":"\u001b[32minfo\u001b[39m","timestamp":"19-02-20 17:02:50"}
{"message":"debugging info","level":"\u001b[34mdebug\u001b[39m","timestamp":"19-02-20 17:02:49"}
{"message":"Listening on port 3000","level":"\u001b[32minfo\u001b[39m","timestamp":"19-02-20 17:02:50"}
{"message":"debugging info","level":"\u001b[34mdebug\u001b[39m","timestamp":"19-02-20 17:02:50"}
{"message":"Connected to reviewvidly_tests...","level":"\u001b[32minfo\u001b[39m","timestamp":"19-02-20 17:02:50"}
{"message":"Hello World!","level":"\u001b[32minfo\u001b[39m","timestamp":"19-02-20 17:04:57"}
{"message":"Hello World!","level":"\u001b[32minfo\u001b[39m","timestamp":"19-02-20 17:04:58"}
{"message":"debugging info","level":"\u001b[34mdebug\u001b[39m","timestamp":"19-02-20 17:04:57"}
{"message":"Listening on port 3000","level":"\u001b[32minfo\u001b[39m","timestamp":"19-02-20 17:04:58"}
{"message":"debugging info","level":"\u001b[34mdebug\u001b[39m","timestamp":"19-02-20 17:04:58"}
{"message":"Connected to reviewvidly_tests...","level":"\u001b[32minfo\u001b[39m","timestamp":"19-02-20 17:04:58"}
{"message":"Hello World!","level":"\u001b[32minfo\u001b[39m","timestamp":"19-02-20 17:11:00"}
{"message":"Hello World!","level":"\u001b[32minfo\u001b[39m","timestamp":"19-02-20 17:11:01"}
{"message":"debugging info","level":"\u001b[34mdebug\u001b[39m","timestamp":"19-02-20 17:11:00"}
{"message":"Listening on port 3000","level":"\u001b[32minfo\u001b[39m","timestamp":"19-02-20 17:11:01"}
{"message":"debugging info","level":"\u001b[34mdebug\u001b[39m","timestamp":"19-02-20 17:11:01"}
{"message":"Connected to reviewvidly_tests...","level":"\u001b[32minfo\u001b[39m","timestamp":"19-02-20 17:11:01"}
{"message":"Hello World!","level":"\u001b[32minfo\u001b[39m","timestamp":"19-02-20 17:15:26"}
{"message":"Hello World!","level":"\u001b[32minfo\u001b[39m","timestamp":"19-02-20 17:15:27"}
{"message":"debugging info","level":"\u001b[34mdebug\u001b[39m","timestamp":"19-02-20 17:15:26"}
{"message":"Listening on port 3000","level":"\u001b[32minfo\u001b[39m","timestamp":"19-02-20 17:15:27"}
{"message":"debugging info","level":"\u001b[34mdebug\u001b[39m","timestamp":"19-02-20 17:15:27"}
{"message":"Connected to reviewvidly_tests...","level":"\u001b[32minfo\u001b[39m","timestamp":"19-02-20 17:15:27"}
{"message":"Hello World!","level":"\u001b[32minfo\u001b[39m","timestamp":"19-02-20 17:15:59"}
{"message":"Hello World!","level":"\u001b[32minfo\u001b[39m","timestamp":"19-02-20 17:16:00"}
{"message":"debugging info","level":"\u001b[34mdebug\u001b[39m","timestamp":"19-02-20 17:15:59"}
{"message":"Listening on port 3000","level":"\u001b[32minfo\u001b[39m","timestamp":"19-02-20 17:16:00"}
{"message":"debugging info","level":"\u001b[34mdebug\u001b[39m","timestamp":"19-02-20 17:16:00"}
{"message":"Connected to reviewvidly_tests...","level":"\u001b[32minfo\u001b[39m","timestamp":"19-02-20 17:16:00"}
{"message":"Hello World!","level":"\u001b[32minfo\u001b[39m","timestamp":"19-02-20 17:18:18"}
{"message":"Hello World!","level":"\u001b[32minfo\u001b[39m","timestamp":"19-02-20 17:18:19"}
{"message":"debugging info","level":"\u001b[34mdebug\u001b[39m","timestamp":"19-02-20 17:18:18"}
{"message":"Listening on port 3000","level":"\u001b[32minfo\u001b[39m","timestamp":"19-02-20 17:18:19"}
{"message":"debugging info","level":"\u001b[34mdebug\u001b[39m","timestamp":"19-02-20 17:18:19"}
{"message":"Connected to reviewvidly_tests...","level":"\u001b[32minfo\u001b[39m","timestamp":"19-02-20 17:18:19"}
{"message":"Hello World!","level":"\u001b[32minfo\u001b[39m","timestamp":"19-02-20 17:29:40"}
{"message":"Hello World!","level":"\u001b[32minfo\u001b[39m","timestamp":"19-02-20 17:29:41"}
{"message":"debugging info","level":"\u001b[34mdebug\u001b[39m","timestamp":"19-02-20 17:29:40"}
{"message":"Listening on port 3000","level":"\u001b[32minfo\u001b[39m","timestamp":"19-02-20 17:29:41"}
{"message":"debugging info","level":"\u001b[34mdebug\u001b[39m","timestamp":"19-02-20 17:29:41"}
{"message":"Connected to reviewvidly_tests...","level":"\u001b[32minfo\u001b[39m","timestamp":"19-02-20 17:29:41"}
{"message":"Hello World!","level":"\u001b[32minfo\u001b[39m","timestamp":"19-02-20 17:59:08"}
{"message":"Hello World!","level":"\u001b[32minfo\u001b[39m","timestamp":"19-02-20 17:59:10"}
{"message":"debugging info","level":"\u001b[34mdebug\u001b[39m","timestamp":"19-02-20 17:59:08"}
{"message":"Listening on port 3000","level":"\u001b[32minfo\u001b[39m","timestamp":"19-02-20 17:59:10"}
{"message":"debugging info","level":"\u001b[34mdebug\u001b[39m","timestamp":"19-02-20 17:59:10"}
{"message":"Connected to reviewvidly_tests...","level":"\u001b[32minfo\u001b[39m","timestamp":"19-02-20 17:59:10"}
{"message":"Hello World!","level":"\u001b[32minfo\u001b[39m","timestamp":"19-02-20 18:02:44"}
{"message":"Hello World!","level":"\u001b[32minfo\u001b[39m","timestamp":"19-02-20 18:02:48"}
{"message":"debugging info","level":"\u001b[34mdebug\u001b[39m","timestamp":"19-02-20 18:02:44"}
{"message":"Listening on port 3000","level":"\u001b[32minfo\u001b[39m","timestamp":"19-02-20 18:02:48"}
{"message":"debugging info","level":"\u001b[34mdebug\u001b[39m","timestamp":"19-02-20 18:02:48"}
{"message":"Connected to reviewvidly_tests...","level":"\u001b[32minfo\u001b[39m","timestamp":"19-02-20 18:02:48"}
{"message":"Hello World!","level":"\u001b[32minfo\u001b[39m","timestamp":"19-02-20 18:04:40"}
{"message":"Hello World!","level":"\u001b[32minfo\u001b[39m","timestamp":"19-02-20 18:04:42"}
{"message":"debugging info","level":"\u001b[34mdebug\u001b[39m","timestamp":"19-02-20 18:04:40"}
{"message":"Listening on port 3000","level":"\u001b[32minfo\u001b[39m","timestamp":"19-02-20 18:04:42"}
{"message":"debugging info","level":"\u001b[34mdebug\u001b[39m","timestamp":"19-02-20 18:04:42"}
{"message":"Connected to reviewvidly_tests...","level":"\u001b[32minfo\u001b[39m","timestamp":"19-02-20 18:04:42"}
{"message":"Hello World!","level":"\u001b[32minfo\u001b[39m","timestamp":"19-02-20 18:05:29"}
{"message":"Hello World!","level":"\u001b[32minfo\u001b[39m","timestamp":"19-02-20 18:05:31"}
{"message":"debugging info","level":"\u001b[34mdebug\u001b[39m","timestamp":"19-02-20 18:05:29"}
{"message":"Listening on port 3000","level":"\u001b[32minfo\u001b[39m","timestamp":"19-02-20 18:05:31"}
{"message":"debugging info","level":"\u001b[34mdebug\u001b[39m","timestamp":"19-02-20 18:05:31"}
{"message":"Connected to reviewvidly_tests...","level":"\u001b[32minfo\u001b[39m","timestamp":"19-02-20 18:05:31"}
{"message":"Hello World!","level":"\u001b[32minfo\u001b[39m","timestamp":"19-02-20 18:06:23"}
{"message":"Hello World!","level":"\u001b[32minfo\u001b[39m","timestamp":"19-02-20 18:06:26"}
{"message":"debugging info","level":"\u001b[34mdebug\u001b[39m","timestamp":"19-02-20 18:06:23"}
{"message":"Listening on port 3000","level":"\u001b[32minfo\u001b[39m","timestamp":"19-02-20 18:06:26"}
{"message":"debugging info","level":"\u001b[34mdebug\u001b[39m","timestamp":"19-02-20 18:06:26"}
{"message":"Connected to reviewvidly_tests...","level":"\u001b[32minfo\u001b[39m","timestamp":"19-02-20 18:06:26"}
{"message":"Hello World!","level":"\u001b[32minfo\u001b[39m","timestamp":"19-02-20 18:07:36"}
{"message":"Hello World!","level":"\u001b[32minfo\u001b[39m","timestamp":"19-02-20 18:07:38"}
{"message":"debugging info","level":"\u001b[34mdebug\u001b[39m","timestamp":"19-02-20 18:07:36"}
{"message":"Listening on port 3000","level":"\u001b[32minfo\u001b[39m","timestamp":"19-02-20 18:07:38"}
{"message":"debugging info","level":"\u001b[34mdebug\u001b[39m","timestamp":"19-02-20 18:07:38"}
{"message":"Connected to reviewvidly_tests...","level":"\u001b[32minfo\u001b[39m","timestamp":"19-02-20 18:07:38"}
{"message":"fmoeiwfo","level":"\u001b[31merror\u001b[39m","timestamp":"19-02-20 18:08:05"}
{"message":"fmoeiwfo","level":"\u001b[31merror\u001b[39m","timestamp":"19-02-20 18:08:06"}
{"message":"Listening on port 3000","level":"\u001b[32minfo\u001b[39m","timestamp":"19-02-20 18:08:06"}
{"message":"Connected to reviewvidly_tests...","level":"\u001b[32minfo\u001b[39m","timestamp":"19-02-20 18:08:06"}
{"message":"Listening on port 3000","level":"\u001b[32minfo\u001b[39m","timestamp":"19-02-20 18:08:34"}
{"message":"Connected to reviewvidly_tests...","level":"\u001b[32minfo\u001b[39m","timestamp":"19-02-20 18:08:34"}
{"message":"Listening on port 3000","level":"\u001b[32minfo\u001b[39m","timestamp":"19-02-20 18:30:04"}
{"message":"Connected to reviewvidly_tests...","level":"\u001b[32minfo\u001b[39m","timestamp":"19-02-20 18:30:04"}
{"message":"Listening on port 3000","level":"\u001b[32minfo\u001b[39m","timestamp":"19-02-20 18:30:21"}
{"message":"Connected to reviewvidly_tests...","level":"\u001b[32minfo\u001b[39m","timestamp":"19-02-20 18:30:21"}
{"message":"Listening on port 3000","level":"\u001b[32minfo\u001b[39m","timestamp":"19-02-20 18:32:56"}
{"message":"Connected to reviewvidly_tests...","level":"\u001b[32minfo\u001b[39m","timestamp":"19-02-20 18:32:56"}
{"message":"Listening on port 3000","level":"\u001b[32minfo\u001b[39m","timestamp":"19-02-20 18:33:26"}
{"message":"Connected to reviewvidly_tests...","level":"\u001b[32minfo\u001b[39m","timestamp":"19-02-20 18:33:26"}
{"message":"Listening on port 3000","level":"\u001b[32minfo\u001b[39m","timestamp":"19-02-20 18:37:13"}
{"message":"Connected to reviewvidly_tests...","level":"\u001b[32minfo\u001b[39m","timestamp":"19-02-20 18:37:13"}
{"message":"Listening on port 3000","level":"\u001b[32minfo\u001b[39m","timestamp":"19-02-20 18:37:47"}
{"message":"Connected to reviewvidly_tests...","level":"\u001b[32minfo\u001b[39m","timestamp":"19-02-20 18:37:47"}
{"message":"Listening on port 3000","level":"\u001b[32minfo\u001b[39m","timestamp":"19-02-20 18:38:17"}
{"message":"Connected to reviewvidly_tests...","level":"\u001b[32minfo\u001b[39m","timestamp":"19-02-20 18:38:17"}
{"message":"Listening on port 3000","level":"\u001b[32minfo\u001b[39m","timestamp":"19-02-20 18:39:05"}
{"message":"Connected to reviewvidly_tests...","level":"\u001b[32minfo\u001b[39m","timestamp":"19-02-20 18:39:05"}
{"message":"Listening on port 3000","level":"\u001b[32minfo\u001b[39m","timestamp":"19-02-21 10:39:55"}
{"message":"Connected to reviewvidly_tests...","level":"\u001b[32minfo\u001b[39m","timestamp":"19-02-21 10:39:54"}
{"message":"Listening on port 3000","level":"\u001b[32minfo\u001b[39m","timestamp":"19-02-21 10:41:08"}
{"message":"Connected to reviewvidly_tests...","level":"\u001b[32minfo\u001b[39m","timestamp":"19-02-21 10:41:08"}
{"message":"Listening on port 3000","level":"\u001b[32minfo\u001b[39m","timestamp":"19-02-21 10:51:00"}
{"message":"Connected to reviewvidly_tests...","level":"\u001b[32minfo\u001b[39m","timestamp":"19-02-21 10:51:00"}
{"message":"Listening on port 3000","level":"\u001b[32minfo\u001b[39m","timestamp":"19-02-21 10:53:47"}
{"message":"Connected to reviewvidly_tests...","level":"\u001b[32minfo\u001b[39m","timestamp":"19-02-21 10:53:47"}
{"message":"Listening on port 3000","level":"\u001b[32minfo\u001b[39m","timestamp":"19-02-21 10:55:02"}
{"message":"Connected to reviewvidly_tests...","level":"\u001b[32minfo\u001b[39m","timestamp":"19-02-21 10:55:02"}
{"message":"Listening on port 3000","level":"\u001b[32minfo\u001b[39m","timestamp":"19-02-21 10:57:23"}
{"message":"Connected to reviewvidly_tests...","level":"\u001b[32minfo\u001b[39m","timestamp":"19-02-21 10:57:23"}
{"message":"Listening on port 3000","level":"\u001b[32minfo\u001b[39m","timestamp":"19-02-21 11:01:43"}
{"message":"Connected to reviewvidly_tests...","level":"\u001b[32minfo\u001b[39m","timestamp":"19-02-21 11:01:43"}
{"message":"Listening on port 3000","level":"\u001b[32minfo\u001b[39m","timestamp":"19-02-21 11:02:30"}
{"message":"Connected to reviewvidly_tests...","level":"\u001b[32minfo\u001b[39m","timestamp":"19-02-21 11:02:30"}
{"message":"Listening on port 3000","level":"\u001b[32minfo\u001b[39m","timestamp":"19-02-21 11:05:05"}
{"message":"Connected to reviewvidly_tests...","level":"\u001b[32minfo\u001b[39m","timestamp":"19-02-21 11:05:05"}
{"message":"Listening on port 3000","level":"\u001b[32minfo\u001b[39m","timestamp":"19-02-21 11:06:04"}
{"message":"Connected to reviewvidly_tests...","level":"\u001b[32minfo\u001b[39m","timestamp":"19-02-21 11:06:04"}
{"message":"Listening on port 3000","level":"\u001b[32minfo\u001b[39m","timestamp":"19-02-21 11:09:38"}
{"message":"Connected to reviewvidly_tests...","level":"\u001b[32minfo\u001b[39m","timestamp":"19-02-21 11:09:38"}
{"message":"Listening on port 3000","level":"\u001b[32minfo\u001b[39m","timestamp":"19-02-21 11:10:01"}
{"message":"Connected to reviewvidly_tests...","level":"\u001b[32minfo\u001b[39m","timestamp":"19-02-21 11:10:01"}
{"message":"Listening on port 3000","level":"\u001b[32minfo\u001b[39m","timestamp":"19-02-21 11:23:32"}
{"message":"Connected to reviewvidly_tests...","level":"\u001b[32minfo\u001b[39m","timestamp":"19-02-21 11:23:32"}
{"message":"Listening on port 3000","level":"\u001b[32minfo\u001b[39m","timestamp":"19-02-21 11:25:18"}
{"message":"Connected to reviewvidly_tests...","level":"\u001b[32minfo\u001b[39m","timestamp":"19-02-21 11:25:18"}
{"message":"Listening on port 3000","level":"\u001b[32minfo\u001b[39m","timestamp":"19-02-21 11:26:02"}
{"message":"Connected to reviewvidly_tests...","level":"\u001b[32minfo\u001b[39m","timestamp":"19-02-21 11:26:02"}
{"message":"Listening on port 3000","level":"\u001b[32minfo\u001b[39m","timestamp":"19-02-21 11:45:02"}
{"message":"Connected to reviewvidly_tests...","level":"\u001b[32minfo\u001b[39m","timestamp":"19-02-21 11:45:02"}
{"message":"Listening on port 3000","level":"\u001b[32minfo\u001b[39m","timestamp":"19-02-21 11:45:25"}
{"message":"Connected to reviewvidly_tests...","level":"\u001b[32minfo\u001b[39m","timestamp":"19-02-21 11:45:25"}
{"message":"Listening on port 3000","level":"\u001b[32minfo\u001b[39m","timestamp":"19-02-21 11:46:54"}
{"message":"Connected to reviewvidly_tests...","level":"\u001b[32minfo\u001b[39m","timestamp":"19-02-21 11:46:54"}
{"message":"Listening on port 3000","level":"\u001b[32minfo\u001b[39m","timestamp":"19-02-21 11:47:20"}
{"message":"Connected to reviewvidly_tests...","level":"\u001b[32minfo\u001b[39m","timestamp":"19-02-21 11:47:20"}
{"message":"Listening on port 3000","level":"\u001b[32minfo\u001b[39m","timestamp":"19-02-21 12:37:11"}
{"message":"Connected to reviewvidly_tests...","level":"\u001b[32minfo\u001b[39m","timestamp":"19-02-21 12:37:10"}
{"message":"Listening on port 3000","level":"\u001b[32minfo\u001b[39m","timestamp":"19-02-21 13:07:02"}
{"message":"Connected to reviewvidly_tests...","level":"\u001b[32minfo\u001b[39m","timestamp":"19-02-21 13:07:02"}
{"message":"Listening on port 3000","level":"\u001b[32minfo\u001b[39m","timestamp":"19-02-21 13:07:31"}
{"message":"Connected to reviewvidly_tests...","level":"\u001b[32minfo\u001b[39m","timestamp":"19-02-21 13:07:31"}
{"message":"Listening on port 3000","level":"\u001b[32minfo\u001b[39m","timestamp":"19-02-21 13:07:46"}
{"message":"Connected to reviewvidly_tests...","level":"\u001b[32minfo\u001b[39m","timestamp":"19-02-21 13:07:46"}
{"message":"Listening on port 3000","level":"\u001b[32minfo\u001b[39m","timestamp":"19-02-21 13:08:07"}
{"message":"Connected to reviewvidly_tests...","level":"\u001b[32minfo\u001b[39m","timestamp":"19-02-21 13:08:07"}
{"message":"Listening on port 3000","level":"\u001b[32minfo\u001b[39m","timestamp":"19-02-21 13:08:22"}
{"message":"Connected to reviewvidly_tests...","level":"\u001b[32minfo\u001b[39m","timestamp":"19-02-21 13:08:22"}
{"message":"Listening on port 3000","level":"\u001b[32minfo\u001b[39m","timestamp":"19-02-21 13:10:13"}
{"message":"Connected to reviewvidly_tests...","level":"\u001b[32minfo\u001b[39m","timestamp":"19-02-21 13:10:13"}
{"message":"Listening on port 3000","level":"\u001b[32minfo\u001b[39m","timestamp":"19-02-21 13:11:32"}
{"message":"Connected to reviewvidly_tests...","level":"\u001b[32minfo\u001b[39m","timestamp":"19-02-21 13:11:32"}
{"message":"Listening on port 3000","level":"\u001b[32minfo\u001b[39m","timestamp":"19-02-21 13:12:02"}
{"message":"Connected to reviewvidly_tests...","level":"\u001b[32minfo\u001b[39m","timestamp":"19-02-21 13:12:02"}
{"message":"Listening on port 3000","level":"\u001b[32minfo\u001b[39m","timestamp":"19-02-21 13:12:24"}
{"message":"Connected to reviewvidly_tests...","level":"\u001b[32minfo\u001b[39m","timestamp":"19-02-21 13:12:24"}
{"message":"Listening on port 3000","level":"\u001b[32minfo\u001b[39m","timestamp":"19-02-21 13:12:27"}
{"message":"Connected to reviewvidly_tests...","level":"\u001b[32minfo\u001b[39m","timestamp":"19-02-21 13:12:27"}
{"message":"Listening on port 3000","level":"\u001b[32minfo\u001b[39m","timestamp":"19-02-21 13:12:52"}
{"message":"Connected to reviewvidly_tests...","level":"\u001b[32minfo\u001b[39m","timestamp":"19-02-21 13:12:52"}
{"message":"Listening on port 3000","level":"\u001b[32minfo\u001b[39m","timestamp":"19-02-21 13:12:53"}
{"message":"Connected to reviewvidly_tests...","level":"\u001b[32minfo\u001b[39m","timestamp":"19-02-21 13:12:53"}
{"message":"Listening on port 3000","level":"\u001b[32minfo\u001b[39m","timestamp":"19-02-21 13:13:47"}
{"message":"Connected to reviewvidly_tests...","level":"\u001b[32minfo\u001b[39m","timestamp":"19-02-21 13:13:47"}
{"message":"Listening on port 3000","level":"\u001b[32minfo\u001b[39m","timestamp":"19-02-21 13:13:47"}
{"message":"Connected to reviewvidly_tests...","level":"\u001b[32minfo\u001b[39m","timestamp":"19-02-21 13:13:47"}
{"message":"Listening on port 3000","level":"\u001b[32minfo\u001b[39m","timestamp":"19-02-21 13:16:26"}
{"message":"Connected to reviewvidly_tests...","level":"\u001b[32minfo\u001b[39m","timestamp":"19-02-21 13:16:26"}
{"message":"Listening on port 3000","level":"\u001b[32minfo\u001b[39m","timestamp":"19-02-21 13:16:40"}
{"message":"Connected to reviewvidly_tests...","level":"\u001b[32minfo\u001b[39m","timestamp":"19-02-21 13:16:40"}
{"message":"Listening on port 3000","level":"\u001b[32minfo\u001b[39m","timestamp":"19-02-21 13:16:59"}
{"message":"Connected to reviewvidly_tests...","level":"\u001b[32minfo\u001b[39m","timestamp":"19-02-21 13:16:59"}
{"message":"Listening on port 3000","level":"\u001b[32minfo\u001b[39m","timestamp":"19-02-21 13:16:59"}
{"message":"Connected to reviewvidly_tests...","level":"\u001b[32minfo\u001b[39m","timestamp":"19-02-21 13:16:59"}
{"message":"Listening on port 3000","level":"\u001b[32minfo\u001b[39m","timestamp":"19-02-21 13:18:24"}
{"message":"Connected to reviewvidly_tests...","level":"\u001b[32minfo\u001b[39m","timestamp":"19-02-21 13:18:24"}
{"message":"Listening on port 3000","level":"\u001b[32minfo\u001b[39m","timestamp":"19-02-21 13:18:25"}
{"message":"Connected to reviewvidly_tests...","level":"\u001b[32minfo\u001b[39m","timestamp":"19-02-21 13:18:25"}
{"message":"Listening on port 3000","level":"\u001b[32minfo\u001b[39m","timestamp":"19-02-21 13:19:48"}
{"message":"Connected to reviewvidly_tests...","level":"\u001b[32minfo\u001b[39m","timestamp":"19-02-21 13:19:48"}
{"message":"Listening on port 3000","level":"\u001b[32minfo\u001b[39m","timestamp":"19-02-21 13:19:49"}
{"message":"Connected to reviewvidly_tests...","level":"\u001b[32minfo\u001b[39m","timestamp":"19-02-21 13:19:49"}
{"message":"Listening on port 3000","level":"\u001b[32minfo\u001b[39m","timestamp":"19-02-21 13:23:32"}
{"message":"Connected to reviewvidly_tests...","level":"\u001b[32minfo\u001b[39m","timestamp":"19-02-21 13:23:32"}
{"message":"Listening on port 3000","level":"\u001b[32minfo\u001b[39m","timestamp":"19-02-21 13:23:34"}
{"message":"Connected to reviewvidly_tests...","level":"\u001b[32minfo\u001b[39m","timestamp":"19-02-21 13:23:34"}
{"message":"Listening on port 3000","level":"\u001b[32minfo\u001b[39m","timestamp":"19-02-21 13:24:05"}
{"message":"Connected to reviewvidly_tests...","level":"\u001b[32minfo\u001b[39m","timestamp":"19-02-21 13:24:05"}
{"message":"Listening on port 3000","level":"\u001b[32minfo\u001b[39m","timestamp":"19-02-21 13:24:06"}
{"message":"Connected to reviewvidly_tests...","level":"\u001b[32minfo\u001b[39m","timestamp":"19-02-21 13:24:06"}
{"message":"Listening on port 3000","level":"\u001b[32minfo\u001b[39m","timestamp":"19-02-21 13:24:28"}
{"message":"Connected to reviewvidly_tests...","level":"\u001b[32minfo\u001b[39m","timestamp":"19-02-21 13:24:27"}
{"message":"Listening on port 3000","level":"\u001b[32minfo\u001b[39m","timestamp":"19-02-21 13:24:30"}
{"message":"Connected to reviewvidly_tests...","level":"\u001b[32minfo\u001b[39m","timestamp":"19-02-21 13:24:30"}
{"message":"Listening on port 3000","level":"\u001b[32minfo\u001b[39m","timestamp":"19-02-21 13:37:32"}
{"message":"Connected to reviewvidly_tests...","level":"\u001b[32minfo\u001b[39m","timestamp":"19-02-21 13:37:32"}
{"message":"Listening on port 3000","level":"\u001b[32minfo\u001b[39m","timestamp":"19-02-21 13:37:34"}
{"message":"Connected to reviewvidly_tests...","level":"\u001b[32minfo\u001b[39m","timestamp":"19-02-21 13:37:34"}
{"message":"Listening on port 3000","level":"\u001b[32minfo\u001b[39m","timestamp":"19-02-21 13:37:50"}
{"message":"Connected to reviewvidly_tests...","level":"\u001b[32minfo\u001b[39m","timestamp":"19-02-21 13:37:50"}
{"message":"Listening on port 3000","level":"\u001b[32minfo\u001b[39m","timestamp":"19-02-21 13:37:52"}
{"message":"Connected to reviewvidly_tests...","level":"\u001b[32minfo\u001b[39m","timestamp":"19-02-21 13:37:52"}
{"message":"Listening on port 3000","level":"\u001b[32minfo\u001b[39m","timestamp":"19-02-21 13:40:33"}
{"message":"Connected to reviewvidly_tests...","level":"\u001b[32minfo\u001b[39m","timestamp":"19-02-21 13:40:33"}
{"message":"Listening on port 3000","level":"\u001b[32minfo\u001b[39m","timestamp":"19-02-21 13:40:36"}
{"message":"Connected to reviewvidly_tests...","level":"\u001b[32minfo\u001b[39m","timestamp":"19-02-21 13:40:36"}
{"message":"Listening on port 3000","level":"\u001b[32minfo\u001b[39m","timestamp":"19-02-21 13:49:02"}
{"message":"Connected to reviewvidly_tests...","level":"\u001b[32minfo\u001b[39m","timestamp":"19-02-21 13:49:02"}
{"message":"Listening on port 3000","level":"\u001b[32minfo\u001b[39m","timestamp":"19-02-21 13:49:03"}
{"message":"Connected to reviewvidly_tests...","level":"\u001b[32minfo\u001b[39m","timestamp":"19-02-21 13:49:03"}
{"message":"Listening on port 3000","level":"\u001b[32minfo\u001b[39m","timestamp":"19-02-21 13:59:11"}
{"message":"Connected to reviewvidly_tests...","level":"\u001b[32minfo\u001b[39m","timestamp":"19-02-21 13:59:11"}
{"message":"Listening on port 3000","level":"\u001b[32minfo\u001b[39m","timestamp":"19-02-21 13:59:13"}
{"message":"Connected to reviewvidly_tests...","level":"\u001b[32minfo\u001b[39m","timestamp":"19-02-21 13:59:13"}
{"message":"Listening on port 3000","level":"\u001b[32minfo\u001b[39m","timestamp":"19-02-21 14:07:31"}
{"message":"Connected to reviewvidly_tests...","level":"\u001b[32minfo\u001b[39m","timestamp":"19-02-21 14:07:30"}
{"message":"Listening on port 3000","level":"\u001b[32minfo\u001b[39m","timestamp":"19-02-21 14:07:32"}
{"message":"Connected to reviewvidly_tests...","level":"\u001b[32minfo\u001b[39m","timestamp":"19-02-21 14:07:32"}
{"message":"Listening on port 3000","level":"\u001b[32minfo\u001b[39m","timestamp":"19-02-21 14:08:31"}
{"message":"Connected to reviewvidly_tests...","level":"\u001b[32minfo\u001b[39m","timestamp":"19-02-21 14:08:31"}
{"message":"Listening on port 3000","level":"\u001b[32minfo\u001b[39m","timestamp":"19-02-21 14:08:37"}
{"message":"Connected to reviewvidly_tests...","level":"\u001b[32minfo\u001b[39m","timestamp":"19-02-21 14:08:37"}
{"message":"Listening on port 3000","level":"\u001b[32minfo\u001b[39m","timestamp":"19-02-21 14:09:12"}
{"message":"Connected to reviewvidly_tests...","level":"\u001b[32minfo\u001b[39m","timestamp":"19-02-21 14:09:12"}
{"message":"Listening on port 3000","level":"\u001b[32minfo\u001b[39m","timestamp":"19-02-21 14:09:18"}
{"message":"Connected to reviewvidly_tests...","level":"\u001b[32minfo\u001b[39m","timestamp":"19-02-21 14:09:18"}
{"message":"Listening on port 3000","level":"\u001b[32minfo\u001b[39m","timestamp":"19-02-21 14:12:02"}
{"message":"Connected to reviewvidly_tests...","level":"\u001b[32minfo\u001b[39m","timestamp":"19-02-21 14:12:01"}
{"message":"Listening on port 3000","level":"\u001b[32minfo\u001b[39m","timestamp":"19-02-21 14:12:08"}
{"message":"Connected to reviewvidly_tests...","level":"\u001b[32minfo\u001b[39m","timestamp":"19-02-21 14:12:08"}
{"message":"Listening on port 3000","level":"\u001b[32minfo\u001b[39m","timestamp":"19-02-21 14:12:35"}
{"message":"Connected to reviewvidly_tests...","level":"\u001b[32minfo\u001b[39m","timestamp":"19-02-21 14:12:35"}
{"message":"Listening on port 3000","level":"\u001b[32minfo\u001b[39m","timestamp":"19-02-21 14:12:37"}
{"message":"Connected to reviewvidly_tests...","level":"\u001b[32minfo\u001b[39m","timestamp":"19-02-21 14:12:37"}
{"message":"Listening on port 3000","level":"\u001b[32minfo\u001b[39m","timestamp":"19-02-21 14:12:54"}
{"message":"Connected to reviewvidly_tests...","level":"\u001b[32minfo\u001b[39m","timestamp":"19-02-21 14:12:54"}
{"message":"Listening on port 3000","level":"\u001b[32minfo\u001b[39m","timestamp":"19-02-21 14:12:56"}
{"message":"Connected to reviewvidly_tests...","level":"\u001b[32minfo\u001b[39m","timestamp":"19-02-21 14:12:56"}
{"message":"Listening on port 3000","level":"\u001b[32minfo\u001b[39m","timestamp":"19-02-21 14:45:02"}
{"message":"Connected to reviewvidly_tests...","level":"\u001b[32minfo\u001b[39m","timestamp":"19-02-21 14:45:02"}
{"message":"Listening on port 3000","level":"\u001b[32minfo\u001b[39m","timestamp":"19-02-21 14:45:05"}
{"message":"Connected to reviewvidly_tests...","level":"\u001b[32minfo\u001b[39m","timestamp":"19-02-21 14:45:05"}
{"message":"Listening on port 3000","level":"\u001b[32minfo\u001b[39m","timestamp":"19-02-21 15:51:35"}
{"message":"Connected to reviewvidly_tests...","level":"\u001b[32minfo\u001b[39m","timestamp":"19-02-21 15:51:35"}
{"message":"Listening on port 3000","level":"\u001b[32minfo\u001b[39m","timestamp":"19-02-21 15:51:35"}
{"message":"Connected to reviewvidly_tests...","level":"\u001b[32minfo\u001b[39m","timestamp":"19-02-21 15:51:35"}
{"message":"Listening on port 3000","level":"\u001b[32minfo\u001b[39m","timestamp":"19-02-21 15:52:36"}
{"message":"Connected to reviewvidly_tests...","level":"\u001b[32minfo\u001b[39m","timestamp":"19-02-21 15:52:36"}
{"message":"Listening on port 3000","level":"\u001b[32minfo\u001b[39m","timestamp":"19-02-21 15:52:36"}
{"message":"Connected to reviewvidly_tests...","level":"\u001b[32minfo\u001b[39m","timestamp":"19-02-21 15:52:36"}
{"message":"Listening on port 3000","level":"\u001b[32minfo\u001b[39m","timestamp":"19-02-21 15:57:09"}
{"message":"Connected to reviewvidly_tests...","level":"\u001b[32minfo\u001b[39m","timestamp":"19-02-21 15:57:09"}
{"message":"Listening on port 3000","level":"\u001b[32minfo\u001b[39m","timestamp":"19-02-21 15:57:09"}
{"message":"Connected to reviewvidly_tests...","level":"\u001b[32minfo\u001b[39m","timestamp":"19-02-21 15:57:09"}
{"message":"Listening on port 3000","level":"\u001b[32minfo\u001b[39m","timestamp":"19-02-21 16:00:01"}
{"message":"Connected to reviewvidly_tests...","level":"\u001b[32minfo\u001b[39m","timestamp":"19-02-21 16:00:01"}
{"message":"Listening on port 3000","level":"\u001b[32minfo\u001b[39m","timestamp":"19-02-21 16:00:01"}
{"message":"Connected to reviewvidly_tests...","level":"\u001b[32minfo\u001b[39m","timestamp":"19-02-21 16:00:01"}
{"message":"Listening on port 3000","level":"\u001b[32minfo\u001b[39m","timestamp":"19-02-21 17:29:46"}
{"message":"Connected to reviewvidly_tests...","level":"\u001b[32minfo\u001b[39m","timestamp":"19-02-21 17:29:46"}
{"message":"Listening on port 3000","level":"\u001b[32minfo\u001b[39m","timestamp":"19-02-21 17:29:47"}
{"message":"Connected to reviewvidly_tests...","level":"\u001b[32minfo\u001b[39m","timestamp":"19-02-21 17:29:47"}
{"message":"Listening on port 3000","level":"\u001b[32minfo\u001b[39m","timestamp":"19-02-21 17:48:49"}
{"message":"Connected to reviewvidly_tests...","level":"\u001b[32minfo\u001b[39m","timestamp":"19-02-21 17:48:49"}
{"message":"Listening on port 3000","level":"\u001b[32minfo\u001b[39m","timestamp":"19-02-21 17:49:41"}
{"message":"Connected to reviewvidly_tests...","level":"\u001b[32minfo\u001b[39m","timestamp":"19-02-21 17:49:41"}
{"message":"Listening on port 3000","level":"\u001b[32minfo\u001b[39m","timestamp":"19-02-21 17:49:41"}
{"message":"Connected to reviewvidly_tests...","level":"\u001b[32minfo\u001b[39m","timestamp":"19-02-21 17:49:41"}
{"message":"Listening on port 3000","level":"\u001b[32minfo\u001b[39m","timestamp":"19-02-21 17:52:34"}
{"message":"Connected to reviewvidly_tests...","level":"\u001b[32minfo\u001b[39m","timestamp":"19-02-21 17:52:34"}
{"message":"Listening on port 3000","level":"\u001b[32minfo\u001b[39m","timestamp":"19-02-21 17:52:35"}
{"message":"Connected to reviewvidly_tests...","level":"\u001b[32minfo\u001b[39m","timestamp":"19-02-21 17:52:35"}
{"message":"Listening on port 3000","level":"\u001b[32minfo\u001b[39m","timestamp":"19-02-21 17:53:25"}
{"message":"Connected to reviewvidly_tests...","level":"\u001b[32minfo\u001b[39m","timestamp":"19-02-21 17:53:25"}
{"message":"Listening on port 3000","level":"\u001b[32minfo\u001b[39m","timestamp":"19-02-21 17:53:25"}
{"message":"Connected to reviewvidly_tests...","level":"\u001b[32minfo\u001b[39m","timestamp":"19-02-21 17:53:25"}
{"message":"Listening on port 3000","level":"\u001b[32minfo\u001b[39m","timestamp":"19-02-21 17:55:29"}
{"message":"Connected to reviewvidly_tests...","level":"\u001b[32minfo\u001b[39m","timestamp":"19-02-21 17:55:29"}
{"message":"Listening on port 3000","level":"\u001b[32minfo\u001b[39m","timestamp":"19-02-21 17:55:29"}
{"message":"Connected to reviewvidly_tests...","level":"\u001b[32minfo\u001b[39m","timestamp":"19-02-21 17:55:29"}
{"message":"Listening on port 3000","level":"\u001b[32minfo\u001b[39m","timestamp":"19-02-21 17:59:51"}
{"message":"Connected to reviewvidly_tests...","level":"\u001b[32minfo\u001b[39m","timestamp":"19-02-21 17:59:51"}
{"message":"Listening on port 3000","level":"\u001b[32minfo\u001b[39m","timestamp":"19-02-21 17:59:51"}
{"message":"Connected to reviewvidly_tests...","level":"\u001b[32minfo\u001b[39m","timestamp":"19-02-21 17:59:51"}
{"message":"Listening on port 3000","level":"\u001b[32minfo\u001b[39m","timestamp":"19-02-21 18:03:26"}
{"message":"Connected to reviewvidly_tests...","level":"\u001b[32minfo\u001b[39m","timestamp":"19-02-21 18:03:26"}
{"message":"Listening on port 3000","level":"\u001b[32minfo\u001b[39m","timestamp":"19-02-21 18:03:27"}
{"message":"Connected to reviewvidly_tests...","level":"\u001b[32minfo\u001b[39m","timestamp":"19-02-21 18:03:27"}
{"message":"Listening on port 3000","level":"\u001b[32minfo\u001b[39m","timestamp":"19-02-21 18:04:18"}
{"message":"Connected to reviewvidly_tests...","level":"\u001b[32minfo\u001b[39m","timestamp":"19-02-21 18:04:18"}
{"message":"Listening on port 3000","level":"\u001b[32minfo\u001b[39m","timestamp":"19-02-21 18:04:18"}
{"message":"Connected to reviewvidly_tests...","level":"\u001b[32minfo\u001b[39m","timestamp":"19-02-21 18:04:18"}
{"message":"Listening on port 3000","level":"\u001b[32minfo\u001b[39m","timestamp":"19-02-21 18:07:34"}
{"message":"Connected to reviewvidly_tests...","level":"\u001b[32minfo\u001b[39m","timestamp":"19-02-21 18:07:34"}
{"message":"Listening on port 3000","level":"\u001b[32minfo\u001b[39m","timestamp":"19-02-21 18:07:35"}
{"message":"Connected to reviewvidly_tests...","level":"\u001b[32minfo\u001b[39m","timestamp":"19-02-21 18:07:34"}
{"message":"Listening on port 3000","level":"\u001b[32minfo\u001b[39m","timestamp":"19-02-21 18:08:27"}
{"message":"Connected to reviewvidly_tests...","level":"\u001b[32minfo\u001b[39m","timestamp":"19-02-21 18:08:27"}
{"message":"Listening on port 3000","level":"\u001b[32minfo\u001b[39m","timestamp":"19-02-21 18:08:28"}
{"message":"Connected to reviewvidly_tests...","level":"\u001b[32minfo\u001b[39m","timestamp":"19-02-21 18:08:28"}
{"message":"Listening on port 3000","level":"\u001b[32minfo\u001b[39m","timestamp":"19-02-21 18:09:11"}
{"message":"Connected to reviewvidly_tests...","level":"\u001b[32minfo\u001b[39m","timestamp":"19-02-21 18:09:11"}
{"message":"Listening on port 3000","level":"\u001b[32minfo\u001b[39m","timestamp":"19-02-21 18:09:11"}
{"message":"Connected to reviewvidly_tests...","level":"\u001b[32minfo\u001b[39m","timestamp":"19-02-21 18:09:11"}
{"message":"Listening on port 3000","level":"\u001b[32minfo\u001b[39m","timestamp":"19-02-21 18:14:04"}
{"message":"Connected to reviewvidly_tests...","level":"\u001b[32minfo\u001b[39m","timestamp":"19-02-21 18:14:04"}
{"message":"Listening on port 3000","level":"\u001b[32minfo\u001b[39m","timestamp":"19-02-21 18:14:04"}
{"message":"Connected to reviewvidly_tests...","level":"\u001b[32minfo\u001b[39m","timestamp":"19-02-21 18:14:04"}
{"message":"Listening on port 3000","level":"\u001b[32minfo\u001b[39m","timestamp":"19-02-21 18:15:34"}
{"message":"Connected to reviewvidly_tests...","level":"\u001b[32minfo\u001b[39m","timestamp":"19-02-21 18:15:33"}
{"message":"Listening on port 3000","level":"\u001b[32minfo\u001b[39m","timestamp":"19-02-21 18:15:34"}
{"message":"Connected to reviewvidly_tests...","level":"\u001b[32minfo\u001b[39m","timestamp":"19-02-21 18:15:33"}
{"message":"Listening on port 3000","level":"\u001b[32minfo\u001b[39m","timestamp":"19-02-21 18:16:33"}
{"message":"Connected to reviewvidly_tests...","level":"\u001b[32minfo\u001b[39m","timestamp":"19-02-21 18:16:33"}
{"message":"Listening on port 3000","level":"\u001b[32minfo\u001b[39m","timestamp":"19-02-21 18:16:33"}
{"message":"Connected to reviewvidly_tests...","level":"\u001b[32minfo\u001b[39m","timestamp":"19-02-21 18:16:33"}
{"message":"Listening on port 3000","level":"\u001b[32minfo\u001b[39m","timestamp":"19-02-21 18:19:22"}
{"message":"Connected to reviewvidly_tests...","level":"\u001b[32minfo\u001b[39m","timestamp":"19-02-21 18:19:22"}
{"message":"Listening on port 3000","level":"\u001b[32minfo\u001b[39m","timestamp":"19-02-21 18:19:23"}
{"message":"Connected to reviewvidly_tests...","level":"\u001b[32minfo\u001b[39m","timestamp":"19-02-21 18:19:23"}
{"message":"Listening on port 3000","level":"\u001b[32minfo\u001b[39m","timestamp":"19-02-21 18:27:17"}
{"message":"Connected to reviewvidly_tests...","level":"\u001b[32minfo\u001b[39m","timestamp":"19-02-21 18:27:17"}
{"message":"Listening on port 3000","level":"\u001b[32minfo\u001b[39m","timestamp":"19-02-21 18:27:17"}
{"message":"Connected to reviewvidly_tests...","level":"\u001b[32minfo\u001b[39m","timestamp":"19-02-21 18:27:17"}
{"message":"Listening on port 3000","level":"\u001b[32minfo\u001b[39m","timestamp":"19-02-22 17:47:17"}
{"message":"Connected to reviewvidly_tests...","level":"\u001b[32minfo\u001b[39m","timestamp":"19-02-22 17:47:17"}
{"message":"Listening on port 3000","level":"\u001b[32minfo\u001b[39m","timestamp":"19-02-22 17:47:17"}
{"message":"Connected to reviewvidly_tests...","level":"\u001b[32minfo\u001b[39m","timestamp":"19-02-22 17:47:17"}
{"message":"Listening on port 3000","level":"\u001b[32minfo\u001b[39m","timestamp":"19-02-22 18:03:45"}
{"message":"Connected to reviewvidly_tests...","level":"\u001b[32minfo\u001b[39m","timestamp":"19-02-22 18:03:45"}
{"message":"Listening on port 3000","level":"\u001b[32minfo\u001b[39m","timestamp":"19-02-22 18:03:47"}
{"message":"Connected to reviewvidly_tests...","level":"\u001b[32minfo\u001b[39m","timestamp":"19-02-22 18:03:47"}
{"message":"Listening on port 3000","level":"\u001b[32minfo\u001b[39m","timestamp":"19-02-22 21:01:20"}
{"message":"Connected to reviewvidly_tests...","level":"\u001b[32minfo\u001b[39m","timestamp":"19-02-22 21:01:20"}
{"message":"Listening on port 3000","level":"\u001b[32minfo\u001b[39m","timestamp":"19-02-22 21:01:20"}
{"message":"Connected to reviewvidly_tests...","level":"\u001b[32minfo\u001b[39m","timestamp":"19-02-22 21:01:20"}
{"message":"Connected to reviewvidly...","level":"\u001b[32minfo\u001b[39m","timestamp":"19-02-22 21:05:50"}
{"message":"Listening on port 3000","level":"\u001b[32minfo\u001b[39m","timestamp":"19-02-22 21:06:27"}
{"message":"Connected to reviewvidly...","level":"\u001b[32minfo\u001b[39m","timestamp":"19-02-22 21:06:27"}
{"message":"Listening on port 3000","level":"\u001b[32minfo\u001b[39m","timestamp":"19-02-22 21:07:09"}
{"message":"Connected to reviewvidly_tests...","level":"\u001b[32minfo\u001b[39m","timestamp":"19-02-22 21:07:09"}
{"message":"Listening on port 3000","level":"\u001b[32minfo\u001b[39m","timestamp":"19-02-22 21:07:10"}
{"message":"Connected to reviewvidly_tests...","level":"\u001b[32minfo\u001b[39m","timestamp":"19-02-22 21:07:10"}
{"message":"Listening on port 3000","level":"\u001b[32minfo\u001b[39m","timestamp":"19-02-22 21:26:22"}
{"message":"Connected to reviewvidly...","level":"\u001b[32minfo\u001b[39m","timestamp":"19-02-22 21:26:22"}
{"message":"Listening on port 3000","level":"\u001b[32minfo\u001b[39m","timestamp":"19-02-22 21:27:06"}
{"message":"Connected to reviewvidly...","level":"\u001b[32minfo\u001b[39m","timestamp":"19-02-22 21:27:06"}
{"message":"Connected to reviewvidly...","level":"\u001b[32minfo\u001b[39m","timestamp":"19-03-04 13:51:24"}
{"message":"Connected to reviewvidly...","level":"\u001b[32minfo\u001b[39m","timestamp":"19-03-04 13:52:18"}
{"message":"Listening on port 3000","level":"\u001b[32minfo\u001b[39m","timestamp":"19-03-04 13:52:38"}
{"message":"Connected to reviewvidly...","level":"\u001b[32minfo\u001b[39m","timestamp":"19-03-04 13:52:38"}
{"message":"Listening on port 3000","level":"\u001b[32minfo\u001b[39m","timestamp":"19-03-04 13:53:03"}
{"message":"Connected to reviewvidly...","level":"\u001b[32minfo\u001b[39m","timestamp":"19-03-04 13:53:03"}
{"message":"Listening on port 3000","level":"\u001b[32minfo\u001b[39m","timestamp":"19-03-04 13:53:54"}
{"message":"Connected to reviewvidly_tests...","level":"\u001b[32minfo\u001b[39m","timestamp":"19-03-04 13:53:54"}
{"message":"Listening on port 3000","level":"\u001b[32minfo\u001b[39m","timestamp":"19-03-04 13:53:54"}
{"message":"Connected to reviewvidly_tests...","level":"\u001b[32minfo\u001b[39m","timestamp":"19-03-04 13:53:54"}
{"message":"Listening on port 3000","level":"\u001b[32minfo\u001b[39m","timestamp":"19-03-04 13:54:51"}
{"message":"Connected to reviewvidly_tests...","level":"\u001b[32minfo\u001b[39m","timestamp":"19-03-04 13:54:51"}
{"message":"Listening on port 3000","level":"\u001b[32minfo\u001b[39m","timestamp":"19-03-04 13:54:52"}
{"message":"Connected to reviewvidly_tests...","level":"\u001b[32minfo\u001b[39m","timestamp":"19-03-04 13:54:52"}
{"message":"Listening on port 3000","level":"\u001b[32minfo\u001b[39m","timestamp":"19-03-04 13:55:35"}
{"message":"Connected to reviewvidly_tests...","level":"\u001b[32minfo\u001b[39m","timestamp":"19-03-04 13:55:35"}
{"message":"Listening on port 3000","level":"\u001b[32minfo\u001b[39m","timestamp":"19-03-04 13:55:36"}
{"message":"Connected to reviewvidly_tests...","level":"\u001b[32minfo\u001b[39m","timestamp":"19-03-04 13:55:35"}
{"message":"Listening on port 3000","level":"\u001b[32minfo\u001b[39m","timestamp":"19-03-04 14:01:26"}
{"message":"Connected to reviewvidly_tests...","level":"\u001b[32minfo\u001b[39m","timestamp":"19-03-04 14:01:26"}
{"message":"Listening on port 3000","level":"\u001b[32minfo\u001b[39m","timestamp":"19-03-04 14:01:27"}
{"message":"Connected to reviewvidly_tests...","level":"\u001b[32minfo\u001b[39m","timestamp":"19-03-04 14:01:27"}
{"message":"Listening on port 3000","level":"\u001b[32minfo\u001b[39m","timestamp":"19-03-04 14:01:53"}
{"message":"Connected to reviewvidly_tests...","level":"\u001b[32minfo\u001b[39m","timestamp":"19-03-04 14:01:53"}
{"message":"Listening on port 3000","level":"\u001b[32minfo\u001b[39m","timestamp":"19-03-04 14:01:53"}
{"message":"Connected to reviewvidly_tests...","level":"\u001b[32minfo\u001b[39m","timestamp":"19-03-04 14:01:53"}
{"message":"Listening on port 3000","level":"\u001b[32minfo\u001b[39m","timestamp":"19-03-04 14:29:31"}
{"message":"Connected to reviewvidly_tests...","level":"\u001b[32minfo\u001b[39m","timestamp":"19-03-04 14:29:31"}
{"message":"Listening on port 3000","level":"\u001b[32minfo\u001b[39m","timestamp":"19-03-04 14:29:31"}
{"message":"Connected to reviewvidly_tests...","level":"\u001b[32minfo\u001b[39m","timestamp":"19-03-04 14:29:31"}
{"message":"Listening on port 3000","level":"\u001b[32minfo\u001b[39m","timestamp":"19-03-04 14:31:41"}
{"message":"Connected to reviewvidly_tests...","level":"\u001b[32minfo\u001b[39m","timestamp":"19-03-04 14:31:41"}
{"message":"Listening on port 3000","level":"\u001b[32minfo\u001b[39m","timestamp":"19-03-04 14:31:41"}
{"message":"Connected to reviewvidly_tests...","level":"\u001b[32minfo\u001b[39m","timestamp":"19-03-04 14:31:41"}
{"message":"Listening on port 3000","level":"\u001b[32minfo\u001b[39m","timestamp":"19-03-04 14:37:25"}
{"message":"Connected to reviewvidly_tests...","level":"\u001b[32minfo\u001b[39m","timestamp":"19-03-04 14:37:25"}
{"message":"Listening on port 3000","level":"\u001b[32minfo\u001b[39m","timestamp":"19-03-04 14:37:27"}
{"message":"Connected to reviewvidly_tests...","level":"\u001b[32minfo\u001b[39m","timestamp":"19-03-04 14:37:27"}
{"message":"Listening on port 3000","level":"\u001b[32minfo\u001b[39m","timestamp":"19-03-04 14:37:46"}
{"message":"Connected to reviewvidly_tests...","level":"\u001b[32minfo\u001b[39m","timestamp":"19-03-04 14:37:46"}
{"message":"Listening on port 3000","level":"\u001b[32minfo\u001b[39m","timestamp":"19-03-04 14:37:46"}
{"message":"Connected to reviewvidly_tests...","level":"\u001b[32minfo\u001b[39m","timestamp":"19-03-04 14:37:46"}
{"message":"Listening on port 3000","level":"\u001b[32minfo\u001b[39m","timestamp":"19-03-04 14:38:13"}
{"message":"Connected to reviewvidly_tests...","level":"\u001b[32minfo\u001b[39m","timestamp":"19-03-04 14:38:13"}
{"message":"Listening on port 3000","level":"\u001b[32minfo\u001b[39m","timestamp":"19-03-04 14:38:14"}
{"message":"Connected to reviewvidly_tests...","level":"\u001b[32minfo\u001b[39m","timestamp":"19-03-04 14:38:14"}
{"message":"Listening on port 3000","level":"\u001b[32minfo\u001b[39m","timestamp":"19-03-04 14:38:42"}
{"message":"Connected to reviewvidly_tests...","level":"\u001b[32minfo\u001b[39m","timestamp":"19-03-04 14:38:42"}
{"message":"Listening on port 3000","level":"\u001b[32minfo\u001b[39m","timestamp":"19-03-04 14:38:42"}
{"message":"Connected to reviewvidly_tests...","level":"\u001b[32minfo\u001b[39m","timestamp":"19-03-04 14:38:42"}
{"message":"Listening on port 3000","level":"\u001b[32minfo\u001b[39m","timestamp":"19-03-04 14:41:25"}
{"message":"Connected to reviewvidly_tests...","level":"\u001b[32minfo\u001b[39m","timestamp":"19-03-04 14:41:25"}
{"message":"Listening on port 3000","level":"\u001b[32minfo\u001b[39m","timestamp":"19-03-04 14:41:26"}
{"message":"Connected to reviewvidly_tests...","level":"\u001b[32minfo\u001b[39m","timestamp":"19-03-04 14:41:26"}
{"message":"Listening on port 3000","level":"\u001b[32minfo\u001b[39m","timestamp":"19-03-04 14:41:45"}
{"message":"Connected to reviewvidly_tests...","level":"\u001b[32minfo\u001b[39m","timestamp":"19-03-04 14:41:45"}
{"message":"Listening on port 3000","level":"\u001b[32minfo\u001b[39m","timestamp":"19-03-04 14:41:45"}
{"message":"Connected to reviewvidly_tests...","level":"\u001b[32minfo\u001b[39m","timestamp":"19-03-04 14:41:45"}
{"message":"Listening on port 3000","level":"\u001b[32minfo\u001b[39m","timestamp":"19-03-04 14:51:27"}
{"message":"Connected to reviewvidly_tests...","level":"\u001b[32minfo\u001b[39m","timestamp":"19-03-04 14:51:27"}
{"message":"Listening on port 3000","level":"\u001b[32minfo\u001b[39m","timestamp":"19-03-04 14:51:27"}
{"message":"Connected to reviewvidly_tests...","level":"\u001b[32minfo\u001b[39m","timestamp":"19-03-04 14:51:27"}
{"message":"Listening on port 3000","level":"\u001b[32minfo\u001b[39m","timestamp":"19-03-04 15:00:20"}
{"message":"Connected to reviewvidly_tests...","level":"\u001b[32minfo\u001b[39m","timestamp":"19-03-04 15:00:20"}
{"message":"Listening on port 3000","level":"\u001b[32minfo\u001b[39m","timestamp":"19-03-04 15:00:20"}
{"message":"Connected to reviewvidly_tests...","level":"\u001b[32minfo\u001b[39m","timestamp":"19-03-04 15:00:20"}
{"message":"Listening on port 3000","level":"\u001b[32minfo\u001b[39m","timestamp":"19-03-04 15:00:53"}
{"message":"Connected to reviewvidly_tests...","level":"\u001b[32minfo\u001b[39m","timestamp":"19-03-04 15:00:53"}
{"message":"Listening on port 3000","level":"\u001b[32minfo\u001b[39m","timestamp":"19-03-04 15:00:53"}
{"message":"Connected to reviewvidly_tests...","level":"\u001b[32minfo\u001b[39m","timestamp":"19-03-04 15:00:53"}
{"message":"Listening on port 3000","level":"\u001b[32minfo\u001b[39m","timestamp":"19-03-04 15:21:18"}
{"message":"Connected to reviewvidly_tests...","level":"\u001b[32minfo\u001b[39m","timestamp":"19-03-04 15:21:18"}
{"message":"Listening on port 3000","level":"\u001b[32minfo\u001b[39m","timestamp":"19-03-04 15:21:19"}
{"message":"Connected to reviewvidly_tests...","level":"\u001b[32minfo\u001b[39m","timestamp":"19-03-04 15:21:19"}
{"message":"Listening on port 3000","level":"\u001b[32minfo\u001b[39m","timestamp":"19-03-04 15:48:15"}
{"message":"Connected to reviewvidly_tests...","level":"\u001b[32minfo\u001b[39m","timestamp":"19-03-04 15:48:15"}
{"message":"Listening on port 3000","level":"\u001b[32minfo\u001b[39m","timestamp":"19-03-04 15:48:15"}
{"message":"Connected to reviewvidly_tests...","level":"\u001b[32minfo\u001b[39m","timestamp":"19-03-04 15:48:15"}
{"message":"Listening on port 3000","level":"\u001b[32minfo\u001b[39m","timestamp":"19-03-04 16:04:10"}
{"message":"Connected to reviewvidly_tests...","level":"\u001b[32minfo\u001b[39m","timestamp":"19-03-04 16:04:10"}
{"message":"Connected to reviewvidly_tests...","level":"\u001b[32minfo\u001b[39m","timestamp":"19-03-04 16:04:11"}
{"message":"Listening on port 3000","level":"\u001b[32minfo\u001b[39m","timestamp":"19-03-04 16:04:11"}
{"message":"Listening on port 3000","level":"\u001b[32minfo\u001b[39m","timestamp":"19-03-04 16:11:36"}
{"message":"Connected to reviewvidly_tests...","level":"\u001b[32minfo\u001b[39m","timestamp":"19-03-04 16:11:36"}
{"message":"Listening on port 3000","level":"\u001b[32minfo\u001b[39m","timestamp":"19-03-04 16:11:37"}
{"message":"Connected to reviewvidly_tests...","level":"\u001b[32minfo\u001b[39m","timestamp":"19-03-04 16:11:37"}
{"message":"Listening on port 3000","level":"\u001b[32minfo\u001b[39m","timestamp":"19-03-04 16:12:20"}
{"message":"Connected to reviewvidly_tests...","level":"\u001b[32minfo\u001b[39m","timestamp":"19-03-04 16:12:20"}
{"message":"Listening on port 3000","level":"\u001b[32minfo\u001b[39m","timestamp":"19-03-04 16:12:20"}
{"message":"Connected to reviewvidly_tests...","level":"\u001b[32minfo\u001b[39m","timestamp":"19-03-04 16:12:20"}
{"message":"Listening on port 3000","level":"\u001b[32minfo\u001b[39m","timestamp":"19-03-04 16:14:27"}
{"message":"Connected to reviewvidly_tests...","level":"\u001b[32minfo\u001b[39m","timestamp":"19-03-04 16:14:27"}
{"message":"Listening on port 3000","level":"\u001b[32minfo\u001b[39m","timestamp":"19-03-04 16:14:27"}
{"message":"Connected to reviewvidly_tests...","level":"\u001b[32minfo\u001b[39m","timestamp":"19-03-04 16:14:27"}
{"message":"Listening on port 3000","level":"\u001b[32minfo\u001b[39m","timestamp":"19-03-04 16:15:27"}
{"message":"Connected to reviewvidly_tests...","level":"\u001b[32minfo\u001b[39m","timestamp":"19-03-04 16:15:27"}
{"message":"Listening on port 3000","level":"\u001b[32minfo\u001b[39m","timestamp":"19-03-04 16:15:27"}
{"message":"Connected to reviewvidly_tests...","level":"\u001b[32minfo\u001b[39m","timestamp":"19-03-04 16:15:27"}
{"message":"Listening on port 3000","level":"\u001b[32minfo\u001b[39m","timestamp":"19-03-04 16:16:54"}
{"message":"Connected to reviewvidly_tests...","level":"\u001b[32minfo\u001b[39m","timestamp":"19-03-04 16:16:54"}
{"message":"Listening on port 3000","level":"\u001b[32minfo\u001b[39m","timestamp":"19-03-04 16:16:54"}
{"message":"Connected to reviewvidly_tests...","level":"\u001b[32minfo\u001b[39m","timestamp":"19-03-04 16:16:54"}
{"message":"Listening on port 3000","level":"\u001b[32minfo\u001b[39m","timestamp":"19-03-04 16:18:25"}
{"message":"Connected to reviewvidly_tests...","level":"\u001b[32minfo\u001b[39m","timestamp":"19-03-04 16:18:25"}
{"message":"Listening on port 3000","level":"\u001b[32minfo\u001b[39m","timestamp":"19-03-04 16:18:25"}
{"message":"Connected to reviewvidly_tests...","level":"\u001b[32minfo\u001b[39m","timestamp":"19-03-04 16:18:25"}
{"message":"Listening on port 3000","level":"\u001b[32minfo\u001b[39m","timestamp":"19-03-04 16:24:06"}
{"message":"Connected to reviewvidly_tests...","level":"\u001b[32minfo\u001b[39m","timestamp":"19-03-04 16:24:06"}
{"message":"Listening on port 3000","level":"\u001b[32minfo\u001b[39m","timestamp":"19-03-04 16:24:07"}
{"message":"Connected to reviewvidly_tests...","level":"\u001b[32minfo\u001b[39m","timestamp":"19-03-04 16:24:07"}
{"message":"Listening on port 3000","level":"\u001b[32minfo\u001b[39m","timestamp":"19-03-04 16:24:30"}
{"message":"Connected to reviewvidly_tests...","level":"\u001b[32minfo\u001b[39m","timestamp":"19-03-04 16:24:30"}
{"message":"Listening on port 3000","level":"\u001b[32minfo\u001b[39m","timestamp":"19-03-04 16:24:31"}
{"message":"Connected to reviewvidly_tests...","level":"\u001b[32minfo\u001b[39m","timestamp":"19-03-04 16:24:31"}
{"message":"Listening on port 3000","level":"\u001b[32minfo\u001b[39m","timestamp":"19-03-04 16:25:56"}
{"message":"Connected to reviewvidly_tests...","level":"\u001b[32minfo\u001b[39m","timestamp":"19-03-04 16:25:56"}
{"message":"Listening on port 3000","level":"\u001b[32minfo\u001b[39m","timestamp":"19-03-04 16:25:56"}
{"message":"Connected to reviewvidly_tests...","level":"\u001b[32minfo\u001b[39m","timestamp":"19-03-04 16:25:56"}
{"message":"Listening on port 3000","level":"\u001b[32minfo\u001b[39m","timestamp":"19-03-04 16:30:53"}
{"message":"Connected to reviewvidly_tests...","level":"\u001b[32minfo\u001b[39m","timestamp":"19-03-04 16:30:53"}
{"message":"Connected to reviewvidly_tests...","level":"\u001b[32minfo\u001b[39m","timestamp":"19-03-04 16:30:54"}
{"message":"Listening on port 3000","level":"\u001b[32minfo\u001b[39m","timestamp":"19-03-04 16:30:54"}
{"message":"Listening on port 3000","level":"\u001b[32minfo\u001b[39m","timestamp":"19-03-04 16:32:34"}
{"message":"Connected to reviewvidly_tests...","level":"\u001b[32minfo\u001b[39m","timestamp":"19-03-04 16:32:34"}
{"message":"Listening on port 3000","level":"\u001b[32minfo\u001b[39m","timestamp":"19-03-04 16:32:35"}
{"message":"Connected to reviewvidly_tests...","level":"\u001b[32minfo\u001b[39m","timestamp":"19-03-04 16:32:35"}
{"message":"Listening on port 3000","level":"\u001b[32minfo\u001b[39m","timestamp":"19-03-04 16:36:54"}
{"message":"Connected to reviewvidly_tests...","level":"\u001b[32minfo\u001b[39m","timestamp":"19-03-04 16:36:54"}
{"message":"Listening on port 3000","level":"\u001b[32minfo\u001b[39m","timestamp":"19-03-04 16:36:55"}
{"message":"Connected to reviewvidly_tests...","level":"\u001b[32minfo\u001b[39m","timestamp":"19-03-04 16:36:55"}
{"message":"Listening on port 3000","level":"\u001b[32minfo\u001b[39m","timestamp":"19-03-04 16:37:37"}
{"message":"Connected to reviewvidly_tests...","level":"\u001b[32minfo\u001b[39m","timestamp":"19-03-04 16:37:37"}
{"message":"Listening on port 3000","level":"\u001b[32minfo\u001b[39m","timestamp":"19-03-04 16:37:37"}
{"message":"Connected to reviewvidly_tests...","level":"\u001b[32minfo\u001b[39m","timestamp":"19-03-04 16:37:37"}
{"message":"Listening on port 3000","level":"\u001b[32minfo\u001b[39m","timestamp":"19-03-04 16:39:38"}
{"message":"Connected to reviewvidly_tests...","level":"\u001b[32minfo\u001b[39m","timestamp":"19-03-04 16:39:37"}
{"message":"Listening on port 3000","level":"\u001b[32minfo\u001b[39m","timestamp":"19-03-04 16:39:38"}
{"message":"Connected to reviewvidly_tests...","level":"\u001b[32minfo\u001b[39m","timestamp":"19-03-04 16:39:38"}
{"message":"Listening on port 3000","level":"\u001b[32minfo\u001b[39m","timestamp":"19-03-04 16:40:03"}
{"message":"Connected to reviewvidly_tests...","level":"\u001b[32minfo\u001b[39m","timestamp":"19-03-04 16:40:03"}
{"message":"Listening on port 3000","level":"\u001b[32minfo\u001b[39m","timestamp":"19-03-04 16:40:03"}
{"message":"Connected to reviewvidly_tests...","level":"\u001b[32minfo\u001b[39m","timestamp":"19-03-04 16:40:03"}
{"message":"Listening on port 3000","level":"\u001b[32minfo\u001b[39m","timestamp":"19-03-04 16:42:01"}
{"message":"Connected to reviewvidly_tests...","level":"\u001b[32minfo\u001b[39m","timestamp":"19-03-04 16:42:01"}
{"message":"Listening on port 3000","level":"\u001b[32minfo\u001b[39m","timestamp":"19-03-04 16:42:01"}
{"message":"Connected to reviewvidly_tests...","level":"\u001b[32minfo\u001b[39m","timestamp":"19-03-04 16:42:01"}
{"message":"Listening on port 3000","level":"\u001b[32minfo\u001b[39m","timestamp":"19-03-04 16:42:46"}
{"message":"Connected to reviewvidly_tests...","level":"\u001b[32minfo\u001b[39m","timestamp":"19-03-04 16:42:46"}
{"message":"Listening on port 3000","level":"\u001b[32minfo\u001b[39m","timestamp":"19-03-04 16:42:46"}
{"message":"Connected to reviewvidly_tests...","level":"\u001b[32minfo\u001b[39m","timestamp":"19-03-04 16:42:46"}
{"message":"Listening on port 3000","level":"\u001b[32minfo\u001b[39m","timestamp":"19-03-04 16:43:08"}
{"message":"Connected to reviewvidly_tests...","level":"\u001b[32minfo\u001b[39m","timestamp":"19-03-04 16:43:08"}
{"message":"Listening on port 3000","level":"\u001b[32minfo\u001b[39m","timestamp":"19-03-04 16:43:09"}
{"message":"Connected to reviewvidly_tests...","level":"\u001b[32minfo\u001b[39m","timestamp":"19-03-04 16:43:09"}
{"message":"Listening on port 3000","level":"\u001b[32minfo\u001b[39m","timestamp":"19-03-04 16:44:12"}
{"message":"Connected to reviewvidly_tests...","level":"\u001b[32minfo\u001b[39m","timestamp":"19-03-04 16:44:12"}
{"message":"Listening on port 3000","level":"\u001b[32minfo\u001b[39m","timestamp":"19-03-04 16:44:13"}
{"message":"Connected to reviewvidly_tests...","level":"\u001b[32minfo\u001b[39m","timestamp":"19-03-04 16:44:13"}
{"message":"Listening on port 3000","level":"\u001b[32minfo\u001b[39m","timestamp":"19-03-04 16:44:30"}
{"message":"Connected to reviewvidly_tests...","level":"\u001b[32minfo\u001b[39m","timestamp":"19-03-04 16:44:30"}
{"message":"Listening on port 3000","level":"\u001b[32minfo\u001b[39m","timestamp":"19-03-04 16:44:30"}
{"message":"Connected to reviewvidly_tests...","level":"\u001b[32minfo\u001b[39m","timestamp":"19-03-04 16:44:30"}
{"message":"Listening on port 3000","level":"\u001b[32minfo\u001b[39m","timestamp":"19-03-04 16:45:41"}
{"message":"Connected to reviewvidly_tests...","level":"\u001b[32minfo\u001b[39m","timestamp":"19-03-04 16:45:41"}
{"message":"Listening on port 3000","level":"\u001b[32minfo\u001b[39m","timestamp":"19-03-04 16:45:42"}
{"message":"Connected to reviewvidly_tests...","level":"\u001b[32minfo\u001b[39m","timestamp":"19-03-04 16:45:42"}
{"message":"Listening on port 3000","level":"\u001b[32minfo\u001b[39m","timestamp":"19-03-04 16:47:08"}
{"message":"Connected to reviewvidly_tests...","level":"\u001b[32minfo\u001b[39m","timestamp":"19-03-04 16:47:08"}
{"message":"Listening on port 3000","level":"\u001b[32minfo\u001b[39m","timestamp":"19-03-04 16:47:08"}
{"message":"Connected to reviewvidly_tests...","level":"\u001b[32minfo\u001b[39m","timestamp":"19-03-04 16:47:08"}
{"message":"Listening on port 3000","level":"\u001b[32minfo\u001b[39m","timestamp":"19-03-04 16:48:33"}
{"message":"Connected to reviewvidly_tests...","level":"\u001b[32minfo\u001b[39m","timestamp":"19-03-04 16:48:33"}
{"message":"Listening on port 3000","level":"\u001b[32minfo\u001b[39m","timestamp":"19-03-04 16:48:34"}
{"message":"Connected to reviewvidly_tests...","level":"\u001b[32minfo\u001b[39m","timestamp":"19-03-04 16:48:34"}
{"message":"Listening on port 3000","level":"\u001b[32minfo\u001b[39m","timestamp":"19-03-04 16:48:58"}
{"message":"Connected to reviewvidly_tests...","level":"\u001b[32minfo\u001b[39m","timestamp":"19-03-04 16:48:58"}
{"message":"Listening on port 3000","level":"\u001b[32minfo\u001b[39m","timestamp":"19-03-04 16:48:58"}
{"message":"Connected to reviewvidly_tests...","level":"\u001b[32minfo\u001b[39m","timestamp":"19-03-04 16:48:58"}
{"message":"Listening on port 3000","level":"\u001b[32minfo\u001b[39m","timestamp":"19-03-04 16:49:18"}
{"message":"Connected to reviewvidly_tests...","level":"\u001b[32minfo\u001b[39m","timestamp":"19-03-04 16:49:18"}
{"message":"Listening on port 3000","level":"\u001b[32minfo\u001b[39m","timestamp":"19-03-04 16:49:19"}
{"message":"Connected to reviewvidly_tests...","level":"\u001b[32minfo\u001b[39m","timestamp":"19-03-04 16:49:19"}
{"message":"Listening on port 3000","level":"\u001b[32minfo\u001b[39m","timestamp":"19-03-04 16:50:43"}
{"message":"Connected to reviewvidly_tests...","level":"\u001b[32minfo\u001b[39m","timestamp":"19-03-04 16:50:43"}
{"message":"Listening on port 3000","level":"\u001b[32minfo\u001b[39m","timestamp":"19-03-04 16:50:44"}
{"message":"Connected to reviewvidly_tests...","level":"\u001b[32minfo\u001b[39m","timestamp":"19-03-04 16:50:44"}
{"message":"Listening on port 3000","level":"\u001b[32minfo\u001b[39m","timestamp":"19-03-04 16:51:55"}
{"message":"Connected to reviewvidly_tests...","level":"\u001b[32minfo\u001b[39m","timestamp":"19-03-04 16:51:55"}
{"message":"Listening on port 3000","level":"\u001b[32minfo\u001b[39m","timestamp":"19-03-04 16:51:55"}
{"message":"Connected to reviewvidly_tests...","level":"\u001b[32minfo\u001b[39m","timestamp":"19-03-04 16:51:55"}
{"message":"Listening on port 3000","level":"\u001b[32minfo\u001b[39m","timestamp":"19-03-04 17:00:19"}
{"message":"Connected to reviewvidly_tests...","level":"\u001b[32minfo\u001b[39m","timestamp":"19-03-04 17:00:19"}
{"message":"Listening on port 3000","level":"\u001b[32minfo\u001b[39m","timestamp":"19-03-04 17:00:20"}
{"message":"Connected to reviewvidly_tests...","level":"\u001b[32minfo\u001b[39m","timestamp":"19-03-04 17:00:20"}
{"message":"Listening on port 3000","level":"\u001b[32minfo\u001b[39m","timestamp":"19-03-04 17:04:19"}
{"message":"Connected to reviewvidly_tests...","level":"\u001b[32minfo\u001b[39m","timestamp":"19-03-04 17:04:19"}
{"message":"Listening on port 3000","level":"\u001b[32minfo\u001b[39m","timestamp":"19-03-04 17:04:19"}
{"message":"Connected to reviewvidly_tests...","level":"\u001b[32minfo\u001b[39m","timestamp":"19-03-04 17:04:19"}
{"message":"Listening on port 3000","level":"\u001b[32minfo\u001b[39m","timestamp":"19-03-04 17:08:09"}
{"message":"Connected to reviewvidly_tests...","level":"\u001b[32minfo\u001b[39m","timestamp":"19-03-04 17:08:09"}
{"message":"Listening on port 3000","level":"\u001b[32minfo\u001b[39m","timestamp":"19-03-04 17:08:09"}
{"message":"Connected to reviewvidly_tests...","level":"\u001b[32minfo\u001b[39m","timestamp":"19-03-04 17:08:09"}
{"message":"Listening on port 3000","level":"\u001b[32minfo\u001b[39m","timestamp":"19-03-04 17:08:26"}
{"message":"Connected to reviewvidly_tests...","level":"\u001b[32minfo\u001b[39m","timestamp":"19-03-04 17:08:26"}
{"message":"Listening on port 3000","level":"\u001b[32minfo\u001b[39m","timestamp":"19-03-04 17:08:27"}
{"message":"Connected to reviewvidly_tests...","level":"\u001b[32minfo\u001b[39m","timestamp":"19-03-04 17:08:27"}
{"message":"Listening on port 3000","level":"\u001b[32minfo\u001b[39m","timestamp":"19-03-04 17:09:16"}
{"message":"Connected to reviewvidly_tests...","level":"\u001b[32minfo\u001b[39m","timestamp":"19-03-04 17:09:16"}
{"message":"Listening on port 3000","level":"\u001b[32minfo\u001b[39m","timestamp":"19-03-04 17:09:17"}
{"message":"Connected to reviewvidly_tests...","level":"\u001b[32minfo\u001b[39m","timestamp":"19-03-04 17:09:17"}
{"message":"Listening on port 3000","level":"\u001b[32minfo\u001b[39m","timestamp":"19-03-04 17:10:41"}
{"message":"Connected to reviewvidly_tests...","level":"\u001b[32minfo\u001b[39m","timestamp":"19-03-04 17:10:41"}
{"message":"Listening on port 3000","level":"\u001b[32minfo\u001b[39m","timestamp":"19-03-04 17:10:42"}
{"message":"Connected to reviewvidly_tests...","level":"\u001b[32minfo\u001b[39m","timestamp":"19-03-04 17:10:42"}
{"message":"Listening on port 3000","level":"\u001b[32minfo\u001b[39m","timestamp":"19-03-04 17:11:31"}
{"message":"Connected to reviewvidly_tests...","level":"\u001b[32minfo\u001b[39m","timestamp":"19-03-04 17:11:31"}
{"message":"Listening on port 3000","level":"\u001b[32minfo\u001b[39m","timestamp":"19-03-04 17:11:32"}
{"message":"Connected to reviewvidly_tests...","level":"\u001b[32minfo\u001b[39m","timestamp":"19-03-04 17:11:32"}
{"message":"Listening on port 3000","level":"\u001b[32minfo\u001b[39m","timestamp":"19-03-04 17:12:21"}
{"message":"Connected to reviewvidly_tests...","level":"\u001b[32minfo\u001b[39m","timestamp":"19-03-04 17:12:21"}
{"message":"Listening on port 3000","level":"\u001b[32minfo\u001b[39m","timestamp":"19-03-04 17:12:22"}
{"message":"Connected to reviewvidly_tests...","level":"\u001b[32minfo\u001b[39m","timestamp":"19-03-04 17:12:22"}
{"message":"Listening on port 3000","level":"\u001b[32minfo\u001b[39m","timestamp":"19-03-04 17:13:22"}
{"message":"Connected to reviewvidly_tests...","level":"\u001b[32minfo\u001b[39m","timestamp":"19-03-04 17:13:22"}
{"message":"Listening on port 3000","level":"\u001b[32minfo\u001b[39m","timestamp":"19-03-04 17:13:22"}
{"message":"Connected to reviewvidly_tests...","level":"\u001b[32minfo\u001b[39m","timestamp":"19-03-04 17:13:22"}
{"message":"Listening on port 3000","level":"\u001b[32minfo\u001b[39m","timestamp":"19-03-04 17:15:10"}
{"message":"Connected to reviewvidly_tests...","level":"\u001b[32minfo\u001b[39m","timestamp":"19-03-04 17:15:10"}
{"message":"Listening on port 3000","level":"\u001b[32minfo\u001b[39m","timestamp":"19-03-04 17:15:11"}
{"message":"Connected to reviewvidly_tests...","level":"\u001b[32minfo\u001b[39m","timestamp":"19-03-04 17:15:11"}
{"message":"Listening on port 3000","level":"\u001b[32minfo\u001b[39m","timestamp":"19-03-04 17:15:59"}
{"message":"Connected to reviewvidly_tests...","level":"\u001b[32minfo\u001b[39m","timestamp":"19-03-04 17:15:59"}
{"message":"Listening on port 3000","level":"\u001b[32minfo\u001b[39m","timestamp":"19-03-04 17:16:00"}
{"message":"Connected to reviewvidly_tests...","level":"\u001b[32minfo\u001b[39m","timestamp":"19-03-04 17:16:00"}
{"message":"Listening on port 3000","level":"\u001b[32minfo\u001b[39m","timestamp":"19-03-04 17:17:35"}
{"message":"Connected to reviewvidly_tests...","level":"\u001b[32minfo\u001b[39m","timestamp":"19-03-04 17:17:35"}
{"message":"Listening on port 3000","level":"\u001b[32minfo\u001b[39m","timestamp":"19-03-04 17:17:36"}
{"message":"Connected to reviewvidly_tests...","level":"\u001b[32minfo\u001b[39m","timestamp":"19-03-04 17:17:36"}
{"message":"Listening on port 3000","level":"\u001b[32minfo\u001b[39m","timestamp":"19-03-04 17:26:07"}
{"message":"Connected to reviewvidly_tests...","level":"\u001b[32minfo\u001b[39m","timestamp":"19-03-04 17:26:07"}
{"message":"Listening on port 3000","level":"\u001b[32minfo\u001b[39m","timestamp":"19-03-04 17:26:07"}
{"message":"Connected to reviewvidly_tests...","level":"\u001b[32minfo\u001b[39m","timestamp":"19-03-04 17:26:07"}
{"message":"Listening on port 3000","level":"\u001b[32minfo\u001b[39m","timestamp":"19-03-05 10:56:22"}
{"message":"Connected to reviewvidly_tests...","level":"\u001b[32minfo\u001b[39m","timestamp":"19-03-05 10:56:22"}
{"message":"Listening on port 3000","level":"\u001b[32minfo\u001b[39m","timestamp":"19-03-05 10:56:22"}
{"message":"Connected to reviewvidly_tests...","level":"\u001b[32minfo\u001b[39m","timestamp":"19-03-05 10:56:22"}
{"message":"Listening on port 3000","level":"\u001b[32minfo\u001b[39m","timestamp":"19-03-05 10:57:06"}
{"message":"Connected to reviewvidly_tests...","level":"\u001b[32minfo\u001b[39m","timestamp":"19-03-05 10:57:06"}
{"message":"Listening on port 3000","level":"\u001b[32minfo\u001b[39m","timestamp":"19-03-05 10:57:06"}
{"message":"Connected to reviewvidly_tests...","level":"\u001b[32minfo\u001b[39m","timestamp":"19-03-05 10:57:06"}
{"message":"Listening on port 3000","level":"\u001b[32minfo\u001b[39m","timestamp":"19-03-05 10:58:08"}
{"message":"Connected to reviewvidly_tests...","level":"\u001b[32minfo\u001b[39m","timestamp":"19-03-05 10:58:08"}
{"message":"Listening on port 3000","level":"\u001b[32minfo\u001b[39m","timestamp":"19-03-05 10:58:33"}
{"message":"Connected to reviewvidly_tests...","level":"\u001b[32minfo\u001b[39m","timestamp":"19-03-05 10:58:33"}
{"message":"Listening on port 3000","level":"\u001b[32minfo\u001b[39m","timestamp":"19-03-05 11:17:41"}
{"message":"Connected to reviewvidly_tests...","level":"\u001b[32minfo\u001b[39m","timestamp":"19-03-05 11:17:41"}
{"message":"Listening on port 3000","level":"\u001b[32minfo\u001b[39m","timestamp":"19-03-05 11:18:47"}
{"message":"Connected to reviewvidly_tests...","level":"\u001b[32minfo\u001b[39m","timestamp":"19-03-05 11:18:47"}
{"message":"Listening on port 3000","level":"\u001b[32minfo\u001b[39m","timestamp":"19-03-05 11:20:05"}
{"message":"Connected to reviewvidly_tests...","level":"\u001b[32minfo\u001b[39m","timestamp":"19-03-05 11:20:05"}
{"message":"Listening on port 3000","level":"\u001b[32minfo\u001b[39m","timestamp":"19-03-05 11:20:59"}
{"message":"Connected to reviewvidly_tests...","level":"\u001b[32minfo\u001b[39m","timestamp":"19-03-05 11:20:59"}
{"message":"Listening on port 3000","level":"\u001b[32minfo\u001b[39m","timestamp":"19-03-05 11:23:59"}
{"message":"Connected to reviewvidly_tests...","level":"\u001b[32minfo\u001b[39m","timestamp":"19-03-05 11:23:59"}
{"message":"Listening on port 3000","level":"\u001b[32minfo\u001b[39m","timestamp":"19-03-05 11:24:39"}
{"message":"Connected to reviewvidly_tests...","level":"\u001b[32minfo\u001b[39m","timestamp":"19-03-05 11:24:39"}
{"message":"Listening on port 3000","level":"\u001b[32minfo\u001b[39m","timestamp":"19-03-05 11:25:12"}
{"message":"Connected to reviewvidly_tests...","level":"\u001b[32minfo\u001b[39m","timestamp":"19-03-05 11:25:12"}
{"message":"Listening on port 3000","level":"\u001b[32minfo\u001b[39m","timestamp":"19-03-05 11:25:51"}
{"message":"Connected to reviewvidly_tests...","level":"\u001b[32minfo\u001b[39m","timestamp":"19-03-05 11:25:51"}
{"message":"Listening on port 3000","level":"\u001b[32minfo\u001b[39m","timestamp":"19-03-05 11:26:37"}
{"message":"Connected to reviewvidly_tests...","level":"\u001b[32minfo\u001b[39m","timestamp":"19-03-05 11:26:37"}
{"message":"Listening on port 3000","level":"\u001b[32minfo\u001b[39m","timestamp":"19-03-05 11:26:41"}
{"message":"Connected to reviewvidly_tests...","level":"\u001b[32minfo\u001b[39m","timestamp":"19-03-05 11:26:41"}
{"message":"Listening on port 3000","level":"\u001b[32minfo\u001b[39m","timestamp":"19-03-05 11:27:51"}
{"message":"Connected to reviewvidly_tests...","level":"\u001b[32minfo\u001b[39m","timestamp":"19-03-05 11:27:51"}
{"message":"Listening on port 3000","level":"\u001b[32minfo\u001b[39m","timestamp":"19-03-05 11:27:52"}
{"message":"Connected to reviewvidly_tests...","level":"\u001b[32minfo\u001b[39m","timestamp":"19-03-05 11:27:52"}
{"message":"Listening on port 3000","level":"\u001b[32minfo\u001b[39m","timestamp":"19-03-05 11:29:13"}
{"message":"Connected to reviewvidly_tests...","level":"\u001b[32minfo\u001b[39m","timestamp":"19-03-05 11:29:13"}
{"message":"Listening on port 3000","level":"\u001b[32minfo\u001b[39m","timestamp":"19-03-05 11:29:13"}
{"message":"Connected to reviewvidly_tests...","level":"\u001b[32minfo\u001b[39m","timestamp":"19-03-05 11:29:13"}
{"message":"Listening on port 3000","level":"\u001b[32minfo\u001b[39m","timestamp":"19-03-05 11:30:59"}
{"message":"Connected to reviewvidly_tests...","level":"\u001b[32minfo\u001b[39m","timestamp":"19-03-05 11:30:59"}
{"message":"Listening on port 3000","level":"\u001b[32minfo\u001b[39m","timestamp":"19-03-05 11:31:00"}
{"message":"Connected to reviewvidly_tests...","level":"\u001b[32minfo\u001b[39m","timestamp":"19-03-05 11:31:00"}
{"message":"Listening on port 3000","level":"\u001b[32minfo\u001b[39m","timestamp":"19-03-05 11:31:27"}
{"message":"Connected to reviewvidly_tests...","level":"\u001b[32minfo\u001b[39m","timestamp":"19-03-05 11:31:27"}
{"message":"Listening on port 3000","level":"\u001b[32minfo\u001b[39m","timestamp":"19-03-05 11:31:44"}
{"message":"Connected to reviewvidly_tests...","level":"\u001b[32minfo\u001b[39m","timestamp":"19-03-05 11:31:44"}
{"message":"Listening on port 3000","level":"\u001b[32minfo\u001b[39m","timestamp":"19-03-05 11:32:14"}
{"message":"Connected to reviewvidly_tests...","level":"\u001b[32minfo\u001b[39m","timestamp":"19-03-05 11:32:14"}
{"message":"Listening on port 3000","level":"\u001b[32minfo\u001b[39m","timestamp":"19-03-05 11:35:24"}
{"message":"Connected to reviewvidly_tests...","level":"\u001b[32minfo\u001b[39m","timestamp":"19-03-05 11:35:24"}
{"message":"Listening on port 3000","level":"\u001b[32minfo\u001b[39m","timestamp":"19-03-05 11:38:44"}
{"message":"Connected to reviewvidly_tests...","level":"\u001b[32minfo\u001b[39m","timestamp":"19-03-05 11:38:43"}
{"message":"Listening on port 3000","level":"\u001b[32minfo\u001b[39m","timestamp":"19-03-05 11:39:15"}
{"message":"Connected to reviewvidly_tests...","level":"\u001b[32minfo\u001b[39m","timestamp":"19-03-05 11:39:15"}
{"message":"Listening on port 3000","level":"\u001b[32minfo\u001b[39m","timestamp":"19-03-05 11:40:11"}
{"message":"Connected to reviewvidly_tests...","level":"\u001b[32minfo\u001b[39m","timestamp":"19-03-05 11:40:11"}
{"message":"Listening on port 3000","level":"\u001b[32minfo\u001b[39m","timestamp":"19-03-05 11:40:56"}
{"message":"Connected to reviewvidly_tests...","level":"\u001b[32minfo\u001b[39m","timestamp":"19-03-05 11:40:56"}
{"message":"Listening on port 3000","level":"\u001b[32minfo\u001b[39m","timestamp":"19-03-05 11:41:54"}
{"message":"Connected to reviewvidly_tests...","level":"\u001b[32minfo\u001b[39m","timestamp":"19-03-05 11:41:54"}
{"message":"Listening on port 3000","level":"\u001b[32minfo\u001b[39m","timestamp":"19-03-05 11:42:54"}
{"message":"Connected to reviewvidly_tests...","level":"\u001b[32minfo\u001b[39m","timestamp":"19-03-05 11:42:54"}
{"message":"Listening on port 3000","level":"\u001b[32minfo\u001b[39m","timestamp":"19-03-05 11:43:11"}
{"message":"Connected to reviewvidly_tests...","level":"\u001b[32minfo\u001b[39m","timestamp":"19-03-05 11:43:11"}
{"message":"Listening on port 3000","level":"\u001b[32minfo\u001b[39m","timestamp":"19-03-05 11:51:16"}
{"message":"Connected to reviewvidly_tests...","level":"\u001b[32minfo\u001b[39m","timestamp":"19-03-05 11:51:16"}
{"message":"Listening on port 3000","level":"\u001b[32minfo\u001b[39m","timestamp":"19-03-05 11:52:03"}
{"message":"Connected to reviewvidly_tests...","level":"\u001b[32minfo\u001b[39m","timestamp":"19-03-05 11:52:03"}
{"message":"Listening on port 3000","level":"\u001b[32minfo\u001b[39m","timestamp":"19-03-05 11:54:16"}
{"message":"Connected to reviewvidly_tests...","level":"\u001b[32minfo\u001b[39m","timestamp":"19-03-05 11:54:16"}
{"message":"Listening on port 3000","level":"\u001b[32minfo\u001b[39m","timestamp":"19-03-05 11:54:35"}
{"message":"Connected to reviewvidly_tests...","level":"\u001b[32minfo\u001b[39m","timestamp":"19-03-05 11:54:35"}
{"message":"Listening on port 3000","level":"\u001b[32minfo\u001b[39m","timestamp":"19-03-05 11:55:54"}
{"message":"Connected to reviewvidly_tests...","level":"\u001b[32minfo\u001b[39m","timestamp":"19-03-05 11:55:54"}
{"message":"Listening on port 3000","level":"\u001b[32minfo\u001b[39m","timestamp":"19-03-05 11:56:55"}
{"message":"Connected to reviewvidly_tests...","level":"\u001b[32minfo\u001b[39m","timestamp":"19-03-05 11:56:55"}
{"message":"Listening on port 3000","level":"\u001b[32minfo\u001b[39m","timestamp":"19-03-05 11:57:41"}
{"message":"Connected to reviewvidly_tests...","level":"\u001b[32minfo\u001b[39m","timestamp":"19-03-05 11:57:41"}
{"message":"Listening on port 3000","level":"\u001b[32minfo\u001b[39m","timestamp":"19-03-05 11:59:01"}
{"message":"Connected to reviewvidly_tests...","level":"\u001b[32minfo\u001b[39m","timestamp":"19-03-05 11:59:01"}
{"message":"Listening on port 3000","level":"\u001b[32minfo\u001b[39m","timestamp":"19-03-05 11:59:43"}
{"message":"Connected to reviewvidly_tests...","level":"\u001b[32minfo\u001b[39m","timestamp":"19-03-05 11:59:43"}
